<?xml version="1.0" encoding="UTF-8"?>
<!-- Generated by org.testng.reporters.JUnitXMLReporter -->
<testsuite hostname="DESKTOP-9UN6AFD" ignored="3" name="AllClasses" tests="25" failures="2" timestamp="2022-10-14T17:26:33 CEST" time="215.384" errors="0">
  <testcase name="navigateToConfluxPage" time="3.973" classname="tests.TestConfluxHomePage"/>
  <testcase name="changePageLanguageToSerbian" time="1.668" classname="tests.TestConfluxHomePage"/>
  <testcase name="revertToEnglish" time="1.365" classname="tests.TestConfluxHomePage"/>
  <testcase name="testFacebookLink" time="0.097" classname="tests.TestConfluxHomePage"/>
  <testcase name="testInstagramLink" time="0.09" classname="tests.TestConfluxHomePage"/>
  <testcase name="invalidDataAcountCreation" time="46.378" classname="tests.TestAccountCreation"/>
  <testcase name="validUserCredentialsWithoutAcceptingPrivacyPolicy" time="5.324" classname="tests.TestAccountCreation"/>
  <testcase name="happyPath" time="2.607" classname="tests.TestLogInLogOut"/>
  <testcase name="happyPathLogOut" time="4.157" classname="tests.TestLogInLogOut"/>
  <testcase name="invalidCredentials" time="1.745" classname="tests.TestLogInLogOut"/>
  <testcase name="invalidCredentials" time="1.666" classname="tests.TestLogInLogOut"/>
  <testcase name="invalidCredentials" time="1.91" classname="tests.TestLogInLogOut"/>
  <testcase name="invalidCredentials" time="1.555" classname="tests.TestLogInLogOut"/>
  <testcase name="invalidCredentials" time="1.787" classname="tests.TestLogInLogOut"/>
  <testcase name="logInWithPoPUpScreen" time="10.441" classname="tests.TestLogInLogOut">
    <failure type="org.openqa.selenium.json.JsonException" message="java.lang.reflect.InvocationTargetException
Build info: version: &amp;apos;4.1.1&amp;apos;, revision: &amp;apos;e8fcc2cecf&amp;apos;
System info: host: &amp;apos;DESKTOP-9UN6AFD&amp;apos;, ip: &amp;apos;192.168.100.4&amp;apos;, os.name: &amp;apos;Windows 10&amp;apos;, os.arch: &amp;apos;amd64&amp;apos;, os.version: &amp;apos;10.0&amp;apos;, java.version: &amp;apos;1.8.0_345&amp;apos;
Driver info: org.openqa.selenium.chrome.ChromeDriver
Command: [d42d62e1ffeb19859cec8100e94498f4, actions {actions=[org.openqa.selenium.interactions.Sequence@64dc86c6, org.openqa.selenium.interactions.Sequence@26874f2c]}]
Capabilities {acceptInsecureCerts: false, browserName: chrome, browserVersion: 106.0.5249.119, chrome: {chromedriverVersion: 105.0.5195.52 (412c95e51883..., userDataDir: C:\Users\DIGESTA\AppData\Lo...}, goog:chromeOptions: {debuggerAddress: localhost:10938}, javascriptEnabled: true, networkConnectionEnabled: false, pageLoadStrategy: normal, platform: WINDOWS, platformName: WINDOWS, proxy: Proxy(), se:cdp: ws://localhost:10938/devtoo..., se:cdpVersion: 106.0.5249.119, setWindowRect: true, strictFileInteractability: false, timeouts: {implicit: 0, pageLoad: 300000, script: 30000}, unhandledPromptBehavior: dismiss and notify, webauthn:extension:credBlob: true, webauthn:extension:largeBlob: true, webauthn:virtualAuthenticators: true}
Session ID: d42d62e1ffeb19859cec8100e94498f4">
      <![CDATA[org.openqa.selenium.json.JsonException: java.lang.reflect.InvocationTargetException
Build info: version: '4.1.1', revision: 'e8fcc2cecf'
System info: host: 'DESKTOP-9UN6AFD', ip: '192.168.100.4', os.name: 'Windows 10', os.arch: 'amd64', os.version: '10.0', java.version: '1.8.0_345'
Driver info: org.openqa.selenium.chrome.ChromeDriver
Command: [d42d62e1ffeb19859cec8100e94498f4, actions {actions=[org.openqa.selenium.interactions.Sequence@64dc86c6, org.openqa.selenium.interactions.Sequence@26874f2c]}]
Capabilities {acceptInsecureCerts: false, browserName: chrome, browserVersion: 106.0.5249.119, chrome: {chromedriverVersion: 105.0.5195.52 (412c95e51883..., userDataDir: C:\Users\DIGESTA\AppData\Lo...}, goog:chromeOptions: {debuggerAddress: localhost:10938}, javascriptEnabled: true, networkConnectionEnabled: false, pageLoadStrategy: normal, platform: WINDOWS, platformName: WINDOWS, proxy: Proxy(), se:cdp: ws://localhost:10938/devtoo..., se:cdpVersion: 106.0.5249.119, setWindowRect: true, strictFileInteractability: false, timeouts: {implicit: 0, pageLoad: 300000, script: 30000}, unhandledPromptBehavior: dismiss and notify, webauthn:extension:credBlob: true, webauthn:extension:largeBlob: true, webauthn:virtualAuthenticators: true}
Session ID: d42d62e1ffeb19859cec8100e94498f4
at org.openqa.selenium.json.JsonOutput.convertUsingMethod(JsonOutput.java:362)
at org.openqa.selenium.json.JsonOutput.lambda$new$16(JsonOutput.java:154)
at org.openqa.selenium.json.JsonOutput.write(JsonOutput.java:287)
at org.openqa.selenium.json.JsonOutput.lambda$new$22(JsonOutput.java:169)
at java.util.stream.ForEachOps$ForEachOp$OfRef.accept(ForEachOps.java:183)
at java.util.stream.ReferencePipeline$2$1.accept(ReferencePipeline.java:175)
at java.util.Iterator.forEachRemaining(Iterator.java:116)
at java.util.Spliterators$IteratorSpliterator.forEachRemaining(Spliterators.java:1801)
at java.util.stream.AbstractPipeline.copyInto(AbstractPipeline.java:482)
at java.util.stream.AbstractPipeline.wrapAndCopyInto(AbstractPipeline.java:472)
at java.util.stream.ForEachOps$ForEachOp.evaluateSequential(ForEachOps.java:150)
at java.util.stream.ForEachOps$ForEachOp$OfRef.evaluateSequential(ForEachOps.java:173)
at java.util.stream.AbstractPipeline.evaluate(AbstractPipeline.java:234)
at java.util.stream.ReferencePipeline.forEach(ReferencePipeline.java:485)
at org.openqa.selenium.json.JsonOutput.lambda$new$23(JsonOutput.java:169)
at org.openqa.selenium.json.JsonOutput.write(JsonOutput.java:287)
at org.openqa.selenium.json.JsonOutput.lambda$new$24(JsonOutput.java:182)
at com.google.common.collect.SingletonImmutableBiMap.forEach(SingletonImmutableBiMap.java:68)
at org.openqa.selenium.json.JsonOutput.lambda$new$25(JsonOutput.java:177)
at org.openqa.selenium.json.JsonOutput.write(JsonOutput.java:287)
at org.openqa.selenium.json.JsonOutput.write(JsonOutput.java:278)
at org.openqa.selenium.json.Json.toJson(Json.java:42)
at org.openqa.selenium.remote.codec.AbstractHttpCommandCodec.encode(AbstractHttpCommandCodec.java:259)
at org.openqa.selenium.remote.codec.AbstractHttpCommandCodec.encode(AbstractHttpCommandCodec.java:127)
at org.openqa.selenium.remote.HttpCommandExecutor.execute(HttpCommandExecutor.java:172)
at org.openqa.selenium.remote.service.DriverCommandExecutor.invokeExecute(DriverCommandExecutor.java:167)
at org.openqa.selenium.remote.service.DriverCommandExecutor.execute(DriverCommandExecutor.java:142)
at org.openqa.selenium.remote.RemoteWebDriver.execute(RemoteWebDriver.java:543)
at org.openqa.selenium.remote.RemoteWebDriver.perform(RemoteWebDriver.java:611)
at org.openqa.selenium.interactions.Actions$BuiltAction.perform(Actions.java:617)
at org.openqa.selenium.interactions.Actions.perform(Actions.java:573)
at pages.LogInPageAndLogOut.enterUserEmailPopUp(LogInPageAndLogOut.java:123)
at tests.TestLogInLogOut.logInWithPoPUpScreen(TestLogInLogOut.java:90)
at java.util.ArrayList.forEach(ArrayList.java:1259)
at com.intellij.rt.testng.IDEARemoteTestNG.run(IDEARemoteTestNG.java:66)
at com.intellij.rt.testng.RemoteTestNGStarter.main(RemoteTestNGStarter.java:109)
Suppressed: org.openqa.selenium.json.JsonException: Attempting to close incomplete json stream
Build info: version: '4.1.1', revision: 'e8fcc2cecf'
System info: host: 'DESKTOP-9UN6AFD', ip: '192.168.100.4', os.name: 'Windows 10', os.arch: 'amd64', os.version: '10.0', java.version: '1.8.0_345'
Driver info: driver.version: RemoteWebDriver
at org.openqa.selenium.json.JsonOutput.close(JsonOutput.java:303)
at org.openqa.selenium.json.Json.toJson(Json.java:40)
... 38 more
at org.openqa.selenium.json.JsonOutput.convertUsingMethod(JsonOutput.java:358)
... 59 more
Caused by: org.openqa.selenium.NoSuchElementException: no such element: Unable to locate element: {"method":"xpath","selector":"//*[@id="input-email"]"}
  (Session info: chrome=106.0.5249.119)
For documentation on this error, please visit: https://selenium.dev/exceptions/#no_such_element
Build info: version: '4.1.1', revision: 'e8fcc2cecf'
System info: host: 'DESKTOP-9UN6AFD', ip: '192.168.100.4', os.name: 'Windows 10', os.arch: 'amd64', os.version: '10.0', java.version: '1.8.0_345'
Driver info: org.openqa.selenium.chrome.ChromeDriver
Command: [d42d62e1ffeb19859cec8100e94498f4, findElement {using=xpath, value=//*[@id="input-email"]}]
Capabilities {acceptInsecureCerts: false, browserName: chrome, browserVersion: 106.0.5249.119, chrome: {chromedriverVersion: 105.0.5195.52 (412c95e51883..., userDataDir: C:\Users\DIGESTA\AppData\Lo...}, goog:chromeOptions: {debuggerAddress: localhost:10938}, javascriptEnabled: true, networkConnectionEnabled: false, pageLoadStrategy: normal, platform: WINDOWS, platformName: WINDOWS, proxy: Proxy(), se:cdp: ws://localhost:10938/devtoo..., se:cdpVersion: 106.0.5249.119, setWindowRect: true, strictFileInteractability: false, timeouts: {implicit: 0, pageLoad: 300000, script: 30000}, unhandledPromptBehavior: dismiss and notify, webauthn:extension:credBlob: true, webauthn:extension:largeBlob: true, webauthn:virtualAuthenticators: true}
Session ID: d42d62e1ffeb19859cec8100e94498f4
at org.openqa.selenium.remote.codec.w3c.W3CHttpResponseCodec.createException(W3CHttpResponseCodec.java:200)
at org.openqa.selenium.remote.codec.w3c.W3CHttpResponseCodec.decode(W3CHttpResponseCodec.java:133)
at org.openqa.selenium.remote.codec.w3c.W3CHttpResponseCodec.decode(W3CHttpResponseCodec.java:53)
at org.openqa.selenium.remote.HttpCommandExecutor.execute(HttpCommandExecutor.java:184)
at org.openqa.selenium.remote.service.DriverCommandExecutor.invokeExecute(DriverCommandExecutor.java:167)
at org.openqa.selenium.remote.service.DriverCommandExecutor.execute(DriverCommandExecutor.java:142)
at org.openqa.selenium.remote.RemoteWebDriver.execute(RemoteWebDriver.java:543)
at org.openqa.selenium.remote.ElementLocation$ElementFinder$2.findElement(ElementLocation.java:162)
at org.openqa.selenium.remote.ElementLocation.findElement(ElementLocation.java:60)
at org.openqa.selenium.remote.RemoteWebDriver.findElement(RemoteWebDriver.java:367)
at org.openqa.selenium.remote.RemoteWebDriver.findElement(RemoteWebDriver.java:359)
at org.openqa.selenium.support.pagefactory.DefaultElementLocator.findElement(DefaultElementLocator.java:70)
at org.openqa.selenium.support.pagefactory.internal.LocatingElementHandler.invoke(LocatingElementHandler.java:39)
at com.sun.proxy.$Proxy16.getWrappedElement(Unknown Source)
at org.openqa.selenium.interactions.PointerInput$Origin.asArg(PointerInput.java:201)
at org.openqa.selenium.interactions.PointerInput$Move.encode(PointerInput.java:152)
at org.openqa.selenium.interactions.Sequence.encode(Sequence.java:73)
at org.openqa.selenium.interactions.Sequence.toJson(Sequence.java:82)
... 64 more
... Removed 33 stack frames]]>
    </failure>
  </testcase> <!-- logInWithPoPUpScreen -->
  <testcase name="testSearchBar" time="3.694" classname="tests.TestSearchBar"/>
  <testcase name="testSearchBar" time="6.036" classname="tests.TestSearchBar"/>
  <testcase name="testSearchBar" time="5.468" classname="tests.TestSearchBar"/>
  <testcase name="testSearchBar" time="3.472" classname="tests.TestSearchBar">
    <failure type="java.lang.AssertionError" message="Numbers of displayed items should match expected [12] but found [24]">
      <![CDATA[java.lang.AssertionError: Numbers of displayed items should match expected [12] but found [24]
at tests.TestSearchBar.testSearchBar(TestSearchBar.java:54)
at java.util.ArrayList.forEach(ArrayList.java:1259)
at com.intellij.rt.testng.IDEARemoteTestNG.run(IDEARemoteTestNG.java:66)
at com.intellij.rt.testng.RemoteTestNGStarter.main(RemoteTestNGStarter.java:109)
... Removed 29 stack frames]]>
    </failure>
  </testcase> <!-- testSearchBar -->
  <testcase name="ToWishlistWithoutLoggingIn" time="1.363" classname="tests.TestWishlistPage"/>
  <testcase name="AddItemToWishlistfromHomePage" time="3.063" classname="tests.TestWishlistPage"/>
  <testcase name="AddSecondItemToWishListFromBoardGamesPage" time="3.745" classname="tests.TestWishlistPage"/>
  <testcase name="RemoveOneItemFromWishlist" time="1.153" classname="tests.TestWishlistPage"/>
  <testcase name="AddOneItemFromRecentlyViewed" time="1.512" classname="tests.TestWishlistPage"/>
  <testcase name="CheckWishlistAfterLogout" time="2.249" classname="tests.TestWishlistPage"/>
  <testcase name="createAccountWithInvalidData" time="0.0" classname="tests.TestAccountCreation">
    <ignored/>
  </testcase> <!-- createAccountWithInvalidData -->
  <testcase name="clickOnCaptcha" time="0.0" classname="tests.TestAccountCreation">
    <ignored/>
  </testcase> <!-- clickOnCaptcha -->
  <testcase name="testReturnToHomePage" time="0.0" classname="tests.TestSearchBar">
    <ignored/>
  </testcase> <!-- testReturnToHomePage -->
</testsuite> <!-- AllClasses -->
