<html>
<head>
<title>TestNG:  AllClasses</title>
<link href="../testng.css" rel="stylesheet" type="text/css" />
<link href="../my-testng.css" rel="stylesheet" type="text/css" />

<style type="text/css">
.log { display: none;} 
.stack-trace { display: none;} 
</style>
<script type="text/javascript">
<!--
function flip(e) {
  current = e.style.display;
  if (current == 'block') {
    e.style.display = 'none';
    return 0;
  }
  else {
    e.style.display = 'block';
    return 1;
  }
}

function toggleBox(szDivId, elem, msg1, msg2)
{
  var res = -1;  if (document.getElementById) {
    res = flip(document.getElementById(szDivId));
  }
  else if (document.all) {
    // this is the way old msie versions work
    res = flip(document.all[szDivId]);
  }
  if(elem) {
    if(res == 0) elem.innerHTML = msg1; else elem.innerHTML = msg2;
  }

}

function toggleAllBoxes() {
  if (document.getElementsByTagName) {
    d = document.getElementsByTagName('div');
    for (i = 0; i < d.length; i++) {
      if (d[i].className == 'log') {
        flip(d[i]);
      }
    }
  }
}

// -->
</script>

</head>
<body>
<h2 align='center'>AllClasses</h2><table border='1' align="center">
<tr>
<td>Tests passed/Failed/Skipped:</td><td>23/2/0</td>
</tr><tr>
<td>Started on:</td><td>Fri Oct 14 17:22:57 CEST 2022</td>
</tr>
<tr><td>Total time:</td><td>215 seconds (215384 ms)</td>
</tr><tr>
<td>Included groups:</td><td></td>
</tr><tr>
<td>Excluded groups:</td><td></td>
</tr>
</table><p/>
<small><i>(Hover the method name to see the test class name)</i></small><p/>
<table width='100%' border='1' class='invocation-failed'>
<tr><td colspan='4' align='center'><b>FAILED TESTS</b></td></tr>
<tr><td><b>Test method</b></td>
<td width="30%"><b>Exception</b></td>
<td width="10%"><b>Time (seconds)</b></td>
<td><b>Instance</b></td>
</tr>
<tr>
<td title='tests.TestSearchBar.testSearchBar()'><b>testSearchBar</b><br>Test class: tests.TestSearchBar<br>Parameters: , 12</td>
<td><div><pre>java.lang.AssertionError: Numbers of displayed items should match expected [12] but found [24]
	at tests.TestSearchBar.testSearchBar(TestSearchBar.java:54)
	at java.util.ArrayList.forEach(ArrayList.java:1259)
	at com.intellij.rt.testng.IDEARemoteTestNG.run(IDEARemoteTestNG.java:66)
	at com.intellij.rt.testng.RemoteTestNGStarter.main(RemoteTestNGStarter.java:109)
... Removed 29 stack frames</pre></div><a href='#' onClick='toggleBox("stack-trace1856662284", this, "Click to show all stack frames", "Click to hide stack frames")'>Click to show all stack frames</a>
<div class='stack-trace' id='stack-trace1856662284'><pre>java.lang.AssertionError: Numbers of displayed items should match expected [12] but found [24]
	at org.testng.Assert.fail(Assert.java:110)
	at org.testng.Assert.failNotEquals(Assert.java:1413)
	at org.testng.Assert.assertEqualsImpl(Assert.java:149)
	at org.testng.Assert.assertEquals(Assert.java:131)
	at org.testng.Assert.assertEquals(Assert.java:1240)
	at tests.TestSearchBar.testSearchBar(TestSearchBar.java:54)
	at sun.reflect.NativeMethodAccessorImpl.invoke0(Native Method)
	at sun.reflect.NativeMethodAccessorImpl.invoke(NativeMethodAccessorImpl.java:62)
	at sun.reflect.DelegatingMethodAccessorImpl.invoke(DelegatingMethodAccessorImpl.java:43)
	at java.lang.reflect.Method.invoke(Method.java:498)
	at org.testng.internal.invokers.MethodInvocationHelper.invokeMethod(MethodInvocationHelper.java:135)
	at org.testng.internal.invokers.TestInvoker.invokeMethod(TestInvoker.java:673)
	at org.testng.internal.invokers.TestInvoker.invokeTestMethod(TestInvoker.java:220)
	at org.testng.internal.invokers.MethodRunner.runInSequence(MethodRunner.java:50)
	at org.testng.internal.invokers.TestInvoker$MethodInvocationAgent.invoke(TestInvoker.java:945)
	at org.testng.internal.invokers.TestInvoker.invokeTestMethods(TestInvoker.java:193)
	at org.testng.internal.invokers.TestMethodWorker.invokeTestMethods(TestMethodWorker.java:146)
	at org.testng.internal.invokers.TestMethodWorker.run(TestMethodWorker.java:128)
	at java.util.ArrayList.forEach(ArrayList.java:1259)
	at org.testng.TestRunner.privateRun(TestRunner.java:808)
	at org.testng.TestRunner.run(TestRunner.java:603)
	at org.testng.SuiteRunner.runTest(SuiteRunner.java:429)
	at org.testng.SuiteRunner.runSequentially(SuiteRunner.java:423)
	at org.testng.SuiteRunner.privateRun(SuiteRunner.java:383)
	at org.testng.SuiteRunner.run(SuiteRunner.java:326)
	at org.testng.SuiteRunnerWorker.runSuite(SuiteRunnerWorker.java:52)
	at org.testng.SuiteRunnerWorker.run(SuiteRunnerWorker.java:95)
	at org.testng.TestNG.runSuitesSequentially(TestNG.java:1249)
	at org.testng.TestNG.runSuitesLocally(TestNG.java:1169)
	at org.testng.TestNG.runSuites(TestNG.java:1092)
	at org.testng.TestNG.run(TestNG.java:1060)
	at com.intellij.rt.testng.IDEARemoteTestNG.run(IDEARemoteTestNG.java:66)
	at com.intellij.rt.testng.RemoteTestNGStarter.main(RemoteTestNGStarter.java:109)
</pre></div></td>
<td>3</td>
<td>tests.TestSearchBar@27a5f880</td></tr>
<tr>
<td title='tests.TestLogInLogOut.logInWithPoPUpScreen()'><b>logInWithPoPUpScreen</b><br>Test class: tests.TestLogInLogOut</td>
<td><div><pre>org.openqa.selenium.json.JsonException: java.lang.reflect.InvocationTargetException
Build info: version: &apos;4.1.1&apos;, revision: &apos;e8fcc2cecf&apos;
System info: host: &apos;DESKTOP-9UN6AFD&apos;, ip: &apos;192.168.100.4&apos;, os.name: &apos;Windows 10&apos;, os.arch: &apos;amd64&apos;, os.version: &apos;10.0&apos;, java.version: &apos;1.8.0_345&apos;
Driver info: org.openqa.selenium.chrome.ChromeDriver
Command: [d42d62e1ffeb19859cec8100e94498f4, actions {actions=[org.openqa.selenium.interactions.Sequence@64dc86c6, org.openqa.selenium.interactions.Sequence@26874f2c]}]
Capabilities {acceptInsecureCerts: false, browserName: chrome, browserVersion: 106.0.5249.119, chrome: {chromedriverVersion: 105.0.5195.52 (412c95e51883..., userDataDir: C:\Users\DIGESTA\AppData\Lo...}, goog:chromeOptions: {debuggerAddress: localhost:10938}, javascriptEnabled: true, networkConnectionEnabled: false, pageLoadStrategy: normal, platform: WINDOWS, platformName: WINDOWS, proxy: Proxy(), se:cdp: ws://localhost:10938/devtoo..., se:cdpVersion: 106.0.5249.119, setWindowRect: true, strictFileInteractability: false, timeouts: {implicit: 0, pageLoad: 300000, script: 30000}, unhandledPromptBehavior: dismiss and notify, webauthn:extension:credBlob: true, webauthn:extension:largeBlob: true, webauthn:virtualAuthenticators: true}
Session ID: d42d62e1ffeb19859cec8100e94498f4
	at org.openqa.selenium.json.JsonOutput.convertUsingMethod(JsonOutput.java:362)
	at org.openqa.selenium.json.JsonOutput.lambda$new$16(JsonOutput.java:154)
	at org.openqa.selenium.json.JsonOutput.write(JsonOutput.java:287)
	at org.openqa.selenium.json.JsonOutput.lambda$new$22(JsonOutput.java:169)
	at java.util.stream.ForEachOps$ForEachOp$OfRef.accept(ForEachOps.java:183)
	at java.util.stream.ReferencePipeline$2$1.accept(ReferencePipeline.java:175)
	at java.util.Iterator.forEachRemaining(Iterator.java:116)
	at java.util.Spliterators$IteratorSpliterator.forEachRemaining(Spliterators.java:1801)
	at java.util.stream.AbstractPipeline.copyInto(AbstractPipeline.java:482)
	at java.util.stream.AbstractPipeline.wrapAndCopyInto(AbstractPipeline.java:472)
	at java.util.stream.ForEachOps$ForEachOp.evaluateSequential(ForEachOps.java:150)
	at java.util.stream.ForEachOps$ForEachOp$OfRef.evaluateSequential(ForEachOps.java:173)
	at java.util.stream.AbstractPipeline.evaluate(AbstractPipeline.java:234)
	at java.util.stream.ReferencePipeline.forEach(ReferencePipeline.java:485)
	at org.openqa.selenium.json.JsonOutput.lambda$new$23(JsonOutput.java:169)
	at org.openqa.selenium.json.JsonOutput.write(JsonOutput.java:287)
	at org.openqa.selenium.json.JsonOutput.lambda$new$24(JsonOutput.java:182)
	at com.google.common.collect.SingletonImmutableBiMap.forEach(SingletonImmutableBiMap.java:68)
	at org.openqa.selenium.json.JsonOutput.lambda$new$25(JsonOutput.java:177)
	at org.openqa.selenium.json.JsonOutput.write(JsonOutput.java:287)
	at org.openqa.selenium.json.JsonOutput.write(JsonOutput.java:278)
	at org.openqa.selenium.json.Json.toJson(Json.java:42)
	at org.openqa.selenium.remote.codec.AbstractHttpCommandCodec.encode(AbstractHttpCommandCodec.java:259)
	at org.openqa.selenium.remote.codec.AbstractHttpCommandCodec.encode(AbstractHttpCommandCodec.java:127)
	at org.openqa.selenium.remote.HttpCommandExecutor.execute(HttpCommandExecutor.java:172)
	at org.openqa.selenium.remote.service.DriverCommandExecutor.invokeExecute(DriverCommandExecutor.java:167)
	at org.openqa.selenium.remote.service.DriverCommandExecutor.execute(DriverCommandExecutor.java:142)
	at org.openqa.selenium.remote.RemoteWebDriver.execute(RemoteWebDriver.java:543)
	at org.openqa.selenium.remote.RemoteWebDriver.perform(RemoteWebDriver.java:611)
	at org.openqa.selenium.interactions.Actions$BuiltAction.perform(Actions.java:617)
	at org.openqa.selenium.interactions.Actions.perform(Actions.java:573)
	at pages.LogInPageAndLogOut.enterUserEmailPopUp(LogInPageAndLogOut.java:123)
	at tests.TestLogInLogOut.logInWithPoPUpScreen(TestLogInLogOut.java:90)
	at java.util.ArrayList.forEach(ArrayList.java:1259)
	at com.intellij.rt.testng.IDEARemoteTestNG.run(IDEARemoteTestNG.java:66)
	at com.intellij.rt.testng.RemoteTestNGStarter.main(RemoteTestNGStarter.java:109)
	Suppressed: org.openqa.selenium.json.JsonException: Attempting to close incomplete json stream
Build info: version: &apos;4.1.1&apos;, revision: &apos;e8fcc2cecf&apos;
System info: host: &apos;DESKTOP-9UN6AFD&apos;, ip: &apos;192.168.100.4&apos;, os.name: &apos;Windows 10&apos;, os.arch: &apos;amd64&apos;, os.version: &apos;10.0&apos;, java.version: &apos;1.8.0_345&apos;
Driver info: driver.version: RemoteWebDriver
		at org.openqa.selenium.json.JsonOutput.close(JsonOutput.java:303)
		at org.openqa.selenium.json.Json.toJson(Json.java:40)
		... 38 more
	at org.openqa.selenium.json.JsonOutput.convertUsingMethod(JsonOutput.java:358)
	... 59 more
Caused by: org.openqa.selenium.NoSuchElementException: no such element: Unable to locate element: {&quot;method&quot;:&quot;xpath&quot;,&quot;selector&quot;:&quot;//*[@id=&quot;input-email&quot;]&quot;}
  (Session info: chrome=106.0.5249.119)
For documentation on this error, please visit: https://selenium.dev/exceptions/#no_such_element
Build info: version: &apos;4.1.1&apos;, revision: &apos;e8fcc2cecf&apos;
System info: host: &apos;DESKTOP-9UN6AFD&apos;, ip: &apos;192.168.100.4&apos;, os.name: &apos;Windows 10&apos;, os.arch: &apos;amd64&apos;, os.version: &apos;10.0&apos;, java.version: &apos;1.8.0_345&apos;
Driver info: org.openqa.selenium.chrome.ChromeDriver
Command: [d42d62e1ffeb19859cec8100e94498f4, findElement {using=xpath, value=//*[@id=&quot;input-email&quot;]}]
Capabilities {acceptInsecureCerts: false, browserName: chrome, browserVersion: 106.0.5249.119, chrome: {chromedriverVersion: 105.0.5195.52 (412c95e51883..., userDataDir: C:\Users\DIGESTA\AppData\Lo...}, goog:chromeOptions: {debuggerAddress: localhost:10938}, javascriptEnabled: true, networkConnectionEnabled: false, pageLoadStrategy: normal, platform: WINDOWS, platformName: WINDOWS, proxy: Proxy(), se:cdp: ws://localhost:10938/devtoo..., se:cdpVersion: 106.0.5249.119, setWindowRect: true, strictFileInteractability: false, timeouts: {implicit: 0, pageLoad: 300000, script: 30000}, unhandledPromptBehavior: dismiss and notify, webauthn:extension:credBlob: true, webauthn:extension:largeBlob: true, webauthn:virtualAuthenticators: true}
Session ID: d42d62e1ffeb19859cec8100e94498f4
	at org.openqa.selenium.remote.codec.w3c.W3CHttpResponseCodec.createException(W3CHttpResponseCodec.java:200)
	at org.openqa.selenium.remote.codec.w3c.W3CHttpResponseCodec.decode(W3CHttpResponseCodec.java:133)
	at org.openqa.selenium.remote.codec.w3c.W3CHttpResponseCodec.decode(W3CHttpResponseCodec.java:53)
	at org.openqa.selenium.remote.HttpCommandExecutor.execute(HttpCommandExecutor.java:184)
	at org.openqa.selenium.remote.service.DriverCommandExecutor.invokeExecute(DriverCommandExecutor.java:167)
	at org.openqa.selenium.remote.service.DriverCommandExecutor.execute(DriverCommandExecutor.java:142)
	at org.openqa.selenium.remote.RemoteWebDriver.execute(RemoteWebDriver.java:543)
	at org.openqa.selenium.remote.ElementLocation$ElementFinder$2.findElement(ElementLocation.java:162)
	at org.openqa.selenium.remote.ElementLocation.findElement(ElementLocation.java:60)
	at org.openqa.selenium.remote.RemoteWebDriver.findElement(RemoteWebDriver.java:367)
	at org.openqa.selenium.remote.RemoteWebDriver.findElement(RemoteWebDriver.java:359)
	at org.openqa.selenium.support.pagefactory.DefaultElementLocator.findElement(DefaultElementLocator.java:70)
	at org.openqa.selenium.support.pagefactory.internal.LocatingElementHandler.invoke(LocatingElementHandler.java:39)
	at com.sun.proxy.$Proxy16.getWrappedElement(Unknown Source)
	at org.openqa.selenium.interactions.PointerInput$Origin.asArg(PointerInput.java:201)
	at org.openqa.selenium.interactions.PointerInput$Move.encode(PointerInput.java:152)
	at org.openqa.selenium.interactions.Sequence.encode(Sequence.java:73)
	at org.openqa.selenium.interactions.Sequence.toJson(Sequence.java:82)
	... 64 more
... Removed 33 stack frames</pre></div><a href='#' onClick='toggleBox("stack-trace992524208", this, "Click to show all stack frames", "Click to hide stack frames")'>Click to show all stack frames</a>
<div class='stack-trace' id='stack-trace992524208'><pre>org.openqa.selenium.json.JsonException: java.lang.reflect.InvocationTargetException
Build info: version: &apos;4.1.1&apos;, revision: &apos;e8fcc2cecf&apos;
System info: host: &apos;DESKTOP-9UN6AFD&apos;, ip: &apos;192.168.100.4&apos;, os.name: &apos;Windows 10&apos;, os.arch: &apos;amd64&apos;, os.version: &apos;10.0&apos;, java.version: &apos;1.8.0_345&apos;
Driver info: org.openqa.selenium.chrome.ChromeDriver
Command: [d42d62e1ffeb19859cec8100e94498f4, actions {actions=[org.openqa.selenium.interactions.Sequence@64dc86c6, org.openqa.selenium.interactions.Sequence@26874f2c]}]
Capabilities {acceptInsecureCerts: false, browserName: chrome, browserVersion: 106.0.5249.119, chrome: {chromedriverVersion: 105.0.5195.52 (412c95e51883..., userDataDir: C:\Users\DIGESTA\AppData\Lo...}, goog:chromeOptions: {debuggerAddress: localhost:10938}, javascriptEnabled: true, networkConnectionEnabled: false, pageLoadStrategy: normal, platform: WINDOWS, platformName: WINDOWS, proxy: Proxy(), se:cdp: ws://localhost:10938/devtoo..., se:cdpVersion: 106.0.5249.119, setWindowRect: true, strictFileInteractability: false, timeouts: {implicit: 0, pageLoad: 300000, script: 30000}, unhandledPromptBehavior: dismiss and notify, webauthn:extension:credBlob: true, webauthn:extension:largeBlob: true, webauthn:virtualAuthenticators: true}
Session ID: d42d62e1ffeb19859cec8100e94498f4
	at org.openqa.selenium.json.JsonOutput.convertUsingMethod(JsonOutput.java:362)
	at org.openqa.selenium.json.JsonOutput.lambda$new$16(JsonOutput.java:154)
	at org.openqa.selenium.json.JsonOutput.write(JsonOutput.java:287)
	at org.openqa.selenium.json.JsonOutput.lambda$new$22(JsonOutput.java:169)
	at java.util.stream.ForEachOps$ForEachOp$OfRef.accept(ForEachOps.java:183)
	at java.util.stream.ReferencePipeline$2$1.accept(ReferencePipeline.java:175)
	at java.util.Iterator.forEachRemaining(Iterator.java:116)
	at java.util.Spliterators$IteratorSpliterator.forEachRemaining(Spliterators.java:1801)
	at java.util.stream.AbstractPipeline.copyInto(AbstractPipeline.java:482)
	at java.util.stream.AbstractPipeline.wrapAndCopyInto(AbstractPipeline.java:472)
	at java.util.stream.ForEachOps$ForEachOp.evaluateSequential(ForEachOps.java:150)
	at java.util.stream.ForEachOps$ForEachOp$OfRef.evaluateSequential(ForEachOps.java:173)
	at java.util.stream.AbstractPipeline.evaluate(AbstractPipeline.java:234)
	at java.util.stream.ReferencePipeline.forEach(ReferencePipeline.java:485)
	at org.openqa.selenium.json.JsonOutput.lambda$new$23(JsonOutput.java:169)
	at org.openqa.selenium.json.JsonOutput.write(JsonOutput.java:287)
	at org.openqa.selenium.json.JsonOutput.lambda$new$24(JsonOutput.java:182)
	at com.google.common.collect.SingletonImmutableBiMap.forEach(SingletonImmutableBiMap.java:68)
	at org.openqa.selenium.json.JsonOutput.lambda$new$25(JsonOutput.java:177)
	at org.openqa.selenium.json.JsonOutput.write(JsonOutput.java:287)
	at org.openqa.selenium.json.JsonOutput.write(JsonOutput.java:278)
	at org.openqa.selenium.json.Json.toJson(Json.java:42)
	at org.openqa.selenium.remote.codec.AbstractHttpCommandCodec.encode(AbstractHttpCommandCodec.java:259)
	at org.openqa.selenium.remote.codec.AbstractHttpCommandCodec.encode(AbstractHttpCommandCodec.java:127)
	at org.openqa.selenium.remote.HttpCommandExecutor.execute(HttpCommandExecutor.java:172)
	at org.openqa.selenium.remote.service.DriverCommandExecutor.invokeExecute(DriverCommandExecutor.java:167)
	at org.openqa.selenium.remote.service.DriverCommandExecutor.execute(DriverCommandExecutor.java:142)
	at org.openqa.selenium.remote.RemoteWebDriver.execute(RemoteWebDriver.java:543)
	at org.openqa.selenium.remote.RemoteWebDriver.perform(RemoteWebDriver.java:611)
	at org.openqa.selenium.interactions.Actions$BuiltAction.perform(Actions.java:617)
	at org.openqa.selenium.interactions.Actions.perform(Actions.java:573)
	at pages.LogInPageAndLogOut.enterUserEmailPopUp(LogInPageAndLogOut.java:123)
	at tests.TestLogInLogOut.logInWithPoPUpScreen(TestLogInLogOut.java:90)
	at sun.reflect.NativeMethodAccessorImpl.invoke0(Native Method)
	at sun.reflect.NativeMethodAccessorImpl.invoke(NativeMethodAccessorImpl.java:62)
	at sun.reflect.DelegatingMethodAccessorImpl.invoke(DelegatingMethodAccessorImpl.java:43)
	at java.lang.reflect.Method.invoke(Method.java:498)
	at org.testng.internal.invokers.MethodInvocationHelper.invokeMethod(MethodInvocationHelper.java:135)
	at org.testng.internal.invokers.TestInvoker.invokeMethod(TestInvoker.java:673)
	at org.testng.internal.invokers.TestInvoker.invokeTestMethod(TestInvoker.java:220)
	at org.testng.internal.invokers.MethodRunner.runInSequence(MethodRunner.java:50)
	at org.testng.internal.invokers.TestInvoker$MethodInvocationAgent.invoke(TestInvoker.java:945)
	at org.testng.internal.invokers.TestInvoker.invokeTestMethods(TestInvoker.java:193)
	at org.testng.internal.invokers.TestMethodWorker.invokeTestMethods(TestMethodWorker.java:146)
	at org.testng.internal.invokers.TestMethodWorker.run(TestMethodWorker.java:128)
	at java.util.ArrayList.forEach(ArrayList.java:1259)
	at org.testng.TestRunner.privateRun(TestRunner.java:808)
	at org.testng.TestRunner.run(TestRunner.java:603)
	at org.testng.SuiteRunner.runTest(SuiteRunner.java:429)
	at org.testng.SuiteRunner.runSequentially(SuiteRunner.java:423)
	at org.testng.SuiteRunner.privateRun(SuiteRunner.java:383)
	at org.testng.SuiteRunner.run(SuiteRunner.java:326)
	at org.testng.SuiteRunnerWorker.runSuite(SuiteRunnerWorker.java:52)
	at org.testng.SuiteRunnerWorker.run(SuiteRunnerWorker.java:95)
	at org.testng.TestNG.runSuitesSequentially(TestNG.java:1249)
	at org.testng.TestNG.runSuitesLocally(TestNG.java:1169)
	at org.testng.TestNG.runSuites(TestNG.java:1092)
	at org.testng.TestNG.run(TestNG.java:1060)
	at com.intellij.rt.testng.IDEARemoteTestNG.run(IDEARemoteTestNG.java:66)
	at com.intellij.rt.testng.RemoteTestNGStarter.main(RemoteTestNGStarter.java:109)
	Suppressed: org.openqa.selenium.json.JsonException: Attempting to close incomplete json stream
Build info: version: &apos;4.1.1&apos;, revision: &apos;e8fcc2cecf&apos;
System info: host: &apos;DESKTOP-9UN6AFD&apos;, ip: &apos;192.168.100.4&apos;, os.name: &apos;Windows 10&apos;, os.arch: &apos;amd64&apos;, os.version: &apos;10.0&apos;, java.version: &apos;1.8.0_345&apos;
Driver info: driver.version: RemoteWebDriver
		at org.openqa.selenium.json.JsonOutput.close(JsonOutput.java:303)
		at org.openqa.selenium.json.Json.toJson(Json.java:40)
		... 38 more
Caused by: java.lang.reflect.InvocationTargetException
	at sun.reflect.NativeMethodAccessorImpl.invoke0(Native Method)
	at sun.reflect.NativeMethodAccessorImpl.invoke(NativeMethodAccessorImpl.java:62)
	at sun.reflect.DelegatingMethodAccessorImpl.invoke(DelegatingMethodAccessorImpl.java:43)
	at java.lang.reflect.Method.invoke(Method.java:498)
	at org.openqa.selenium.json.JsonOutput.convertUsingMethod(JsonOutput.java:358)
	... 59 more
Caused by: org.openqa.selenium.NoSuchElementException: no such element: Unable to locate element: {&quot;method&quot;:&quot;xpath&quot;,&quot;selector&quot;:&quot;//*[@id=&quot;input-email&quot;]&quot;}
  (Session info: chrome=106.0.5249.119)
For documentation on this error, please visit: https://selenium.dev/exceptions/#no_such_element
Build info: version: &apos;4.1.1&apos;, revision: &apos;e8fcc2cecf&apos;
System info: host: &apos;DESKTOP-9UN6AFD&apos;, ip: &apos;192.168.100.4&apos;, os.name: &apos;Windows 10&apos;, os.arch: &apos;amd64&apos;, os.version: &apos;10.0&apos;, java.version: &apos;1.8.0_345&apos;
Driver info: org.openqa.selenium.chrome.ChromeDriver
Command: [d42d62e1ffeb19859cec8100e94498f4, findElement {using=xpath, value=//*[@id=&quot;input-email&quot;]}]
Capabilities {acceptInsecureCerts: false, browserName: chrome, browserVersion: 106.0.5249.119, chrome: {chromedriverVersion: 105.0.5195.52 (412c95e51883..., userDataDir: C:\Users\DIGESTA\AppData\Lo...}, goog:chromeOptions: {debuggerAddress: localhost:10938}, javascriptEnabled: true, networkConnectionEnabled: false, pageLoadStrategy: normal, platform: WINDOWS, platformName: WINDOWS, proxy: Proxy(), se:cdp: ws://localhost:10938/devtoo..., se:cdpVersion: 106.0.5249.119, setWindowRect: true, strictFileInteractability: false, timeouts: {implicit: 0, pageLoad: 300000, script: 30000}, unhandledPromptBehavior: dismiss and notify, webauthn:extension:credBlob: true, webauthn:extension:largeBlob: true, webauthn:virtualAuthenticators: true}
Session ID: d42d62e1ffeb19859cec8100e94498f4
	at sun.reflect.NativeConstructorAccessorImpl.newInstance0(Native Method)
	at sun.reflect.NativeConstructorAccessorImpl.newInstance(NativeConstructorAccessorImpl.java:62)
	at sun.reflect.DelegatingConstructorAccessorImpl.newInstance(DelegatingConstructorAccessorImpl.java:45)
	at java.lang.reflect.Constructor.newInstance(Constructor.java:423)
	at org.openqa.selenium.remote.codec.w3c.W3CHttpResponseCodec.createException(W3CHttpResponseCodec.java:200)
	at org.openqa.selenium.remote.codec.w3c.W3CHttpResponseCodec.decode(W3CHttpResponseCodec.java:133)
	at org.openqa.selenium.remote.codec.w3c.W3CHttpResponseCodec.decode(W3CHttpResponseCodec.java:53)
	at org.openqa.selenium.remote.HttpCommandExecutor.execute(HttpCommandExecutor.java:184)
	at org.openqa.selenium.remote.service.DriverCommandExecutor.invokeExecute(DriverCommandExecutor.java:167)
	at org.openqa.selenium.remote.service.DriverCommandExecutor.execute(DriverCommandExecutor.java:142)
	at org.openqa.selenium.remote.RemoteWebDriver.execute(RemoteWebDriver.java:543)
	at org.openqa.selenium.remote.ElementLocation$ElementFinder$2.findElement(ElementLocation.java:162)
	at org.openqa.selenium.remote.ElementLocation.findElement(ElementLocation.java:60)
	at org.openqa.selenium.remote.RemoteWebDriver.findElement(RemoteWebDriver.java:367)
	at org.openqa.selenium.remote.RemoteWebDriver.findElement(RemoteWebDriver.java:359)
	at org.openqa.selenium.support.pagefactory.DefaultElementLocator.findElement(DefaultElementLocator.java:70)
	at org.openqa.selenium.support.pagefactory.internal.LocatingElementHandler.invoke(LocatingElementHandler.java:39)
	at com.sun.proxy.$Proxy16.getWrappedElement(Unknown Source)
	at org.openqa.selenium.interactions.PointerInput$Origin.asArg(PointerInput.java:201)
	at org.openqa.selenium.interactions.PointerInput$Move.encode(PointerInput.java:152)
	at org.openqa.selenium.interactions.Sequence.encode(Sequence.java:73)
	at org.openqa.selenium.interactions.Sequence.toJson(Sequence.java:82)
	... 64 more
</pre></div></td>
<td>10</td>
<td>tests.TestLogInLogOut@394e1a0f</td></tr>
</table><p>
<table width='100%' border='1' class='invocation-passed'>
<tr><td colspan='4' align='center'><b>PASSED TESTS</b></td></tr>
<tr><td><b>Test method</b></td>
<td width="30%"><b>Exception</b></td>
<td width="10%"><b>Time (seconds)</b></td>
<td><b>Instance</b></td>
</tr>
<tr>
<td title='tests.TestConfluxHomePage.changePageLanguageToSerbian()'><b>changePageLanguageToSerbian</b><br>Test class: tests.TestConfluxHomePage</td>
<td></td>
<td>1</td>
<td>tests.TestConfluxHomePage@64729b1e</td></tr>
<tr>
<td title='tests.TestLogInLogOut.happyPath()'><b>happyPath</b><br>Test class: tests.TestLogInLogOut</td>
<td></td>
<td>2</td>
<td>tests.TestLogInLogOut@394e1a0f</td></tr>
<tr>
<td title='tests.TestLogInLogOut.happyPathLogOut()'><b>happyPathLogOut</b><br>Test class: tests.TestLogInLogOut</td>
<td></td>
<td>4</td>
<td>tests.TestLogInLogOut@394e1a0f</td></tr>
<tr>
<td title='tests.TestConfluxHomePage.navigateToConfluxPage()'><b>navigateToConfluxPage</b><br>Test class: tests.TestConfluxHomePage</td>
<td></td>
<td>3</td>
<td>tests.TestConfluxHomePage@64729b1e</td></tr>
<tr>
<td title='tests.TestSearchBar.testSearchBar()'><b>testSearchBar</b><br>Test class: tests.TestSearchBar<br>Parameters: Fallout, 4</td>
<td></td>
<td>3</td>
<td>tests.TestSearchBar@27a5f880</td></tr>
<tr>
<td title='tests.TestConfluxHomePage.testFacebookLink()'><b>testFacebookLink</b><br>Test class: tests.TestConfluxHomePage</td>
<td></td>
<td>0</td>
<td>tests.TestConfluxHomePage@64729b1e</td></tr>
<tr>
<td title='tests.TestWishlistPage.AddItemToWishlistfromHomePage()'><b>AddItemToWishlistfromHomePage</b><br>Test class: tests.TestWishlistPage</td>
<td></td>
<td>3</td>
<td>tests.TestWishlistPage@1d29cf23</td></tr>
<tr>
<td title='tests.TestAccountCreation.validUserCredentialsWithoutAcceptingPrivacyPolicy()'><b>validUserCredentialsWithoutAcceptingPrivacyPolicy</b><br>Test class: tests.TestAccountCreation</td>
<td></td>
<td>5</td>
<td>tests.TestAccountCreation@396f6598</td></tr>
<tr>
<td title='tests.TestLogInLogOut.invalidCredentials()'><b>invalidCredentials</b><br>Test class: tests.TestLogInLogOut<br>Parameters: oralee24@lmaritimen.com, </td>
<td></td>
<td>1</td>
<td>tests.TestLogInLogOut@394e1a0f</td></tr>
<tr>
<td title='tests.TestWishlistPage.AddSecondItemToWishListFromBoardGamesPage()'><b>AddSecondItemToWishListFromBoardGamesPage</b><br>Test class: tests.TestWishlistPage</td>
<td></td>
<td>3</td>
<td>tests.TestWishlistPage@1d29cf23</td></tr>
<tr>
<td title='tests.TestLogInLogOut.invalidCredentials()'><b>invalidCredentials</b><br>Test class: tests.TestLogInLogOut<br>Parameters: , </td>
<td></td>
<td>1</td>
<td>tests.TestLogInLogOut@394e1a0f</td></tr>
<tr>
<td title='tests.TestLogInLogOut.invalidCredentials()'><b>invalidCredentials</b><br>Test class: tests.TestLogInLogOut<br>Parameters: oralee24lmaritimen.com, 1234</td>
<td></td>
<td>1</td>
<td>tests.TestLogInLogOut@394e1a0f</td></tr>
<tr>
<td title='tests.TestLogInLogOut.invalidCredentials()'><b>invalidCredentials</b><br>Test class: tests.TestLogInLogOut<br>Parameters: oralee24@lmaritimen.com, 124</td>
<td></td>
<td>1</td>
<td>tests.TestLogInLogOut@394e1a0f</td></tr>
<tr>
<td title='tests.TestSearchBar.testSearchBar()'><b>testSearchBar</b><br>Test class: tests.TestSearchBar<br>Parameters: Waterdeep, 6</td>
<td></td>
<td>5</td>
<td>tests.TestSearchBar@27a5f880</td></tr>
<tr>
<td title='tests.TestSearchBar.testSearchBar()'><b>testSearchBar</b><br>Test class: tests.TestSearchBar<br>Parameters: Dark Souls, 2</td>
<td></td>
<td>6</td>
<td>tests.TestSearchBar@27a5f880</td></tr>
<tr>
<td title='tests.TestConfluxHomePage.testInstagramLink()'><b>testInstagramLink</b><br>Test class: tests.TestConfluxHomePage</td>
<td></td>
<td>0</td>
<td>tests.TestConfluxHomePage@64729b1e</td></tr>
<tr>
<td title='tests.TestAccountCreation.invalidDataAcountCreation()'><b>invalidDataAcountCreation</b><br>Test class: tests.TestAccountCreation<br>Test method: variation of createAccountWithInvalidData, read from xml file</td>
<td></td>
<td>46</td>
<td>tests.TestAccountCreation@396f6598</td></tr>
<tr>
<td title='tests.TestLogInLogOut.invalidCredentials()'><b>invalidCredentials</b><br>Test class: tests.TestLogInLogOut<br>Parameters: , 1234</td>
<td></td>
<td>1</td>
<td>tests.TestLogInLogOut@394e1a0f</td></tr>
<tr>
<td title='tests.TestConfluxHomePage.revertToEnglish()'><b>revertToEnglish</b><br>Test class: tests.TestConfluxHomePage</td>
<td></td>
<td>1</td>
<td>tests.TestConfluxHomePage@64729b1e</td></tr>
<tr>
<td title='tests.TestWishlistPage.ToWishlistWithoutLoggingIn()'><b>ToWishlistWithoutLoggingIn</b><br>Test class: tests.TestWishlistPage</td>
<td></td>
<td>1</td>
<td>tests.TestWishlistPage@1d29cf23</td></tr>
<tr>
<td title='tests.TestWishlistPage.CheckWishlistAfterLogout()'><b>CheckWishlistAfterLogout</b><br>Test class: tests.TestWishlistPage</td>
<td></td>
<td>2</td>
<td>tests.TestWishlistPage@1d29cf23</td></tr>
<tr>
<td title='tests.TestWishlistPage.RemoveOneItemFromWishlist()'><b>RemoveOneItemFromWishlist</b><br>Test class: tests.TestWishlistPage</td>
<td></td>
<td>1</td>
<td>tests.TestWishlistPage@1d29cf23</td></tr>
<tr>
<td title='tests.TestWishlistPage.AddOneItemFromRecentlyViewed()'><b>AddOneItemFromRecentlyViewed</b><br>Test class: tests.TestWishlistPage</td>
<td></td>
<td>1</td>
<td>tests.TestWishlistPage@1d29cf23</td></tr>
</table><p>
</body>
</html>