<!DOCTYPE html PUBLIC "-//W3C//DTD XHTML 1.1//EN" "https://www.w3.org/TR/xhtml11/DTD/xhtml11.dtd">
<html xmlns="https://www.w3.org/1999/xhtml">
<head>
<meta http-equiv="content-type" content="text/html; charset=UTF-8"/>
<title>TestNG Report</title>
<style type="text/css">table {margin-bottom:10px;border-collapse:collapse;empty-cells:show}th,td {border:1px solid #009;padding:.25em .5em}th {vertical-align:bottom}td {vertical-align:top}table a {font-weight:bold}.stripe td {background-color: #E6EBF9}.num {text-align:right}.passedodd td {background-color: #3F3}.passedeven td {background-color: #0A0}.skippedodd td {background-color: #DDD}.skippedeven td {background-color: #CCC}.failedodd td,.attn {background-color: #F33}.failedeven td,.stripe .attn {background-color: #D00}.stacktrace {white-space:pre;font-family:monospace}.totop {font-size:85%;text-align:center;border-bottom:2px solid #000}.invisible {display:none}</style>
</head>
<body>
<table>
<tr><th>Test</th><th># Passed</th><th># Skipped</th><th># Retried</th><th># Failed</th><th>Time (ms)</th><th>Included Groups</th><th>Excluded Groups</th></tr>
<tr><th colspan="8">OneToRunThemAll</th></tr>
<tr><td><a href="#t0">AllClasses</a></td><td class="num">23</td><td class="num">0</td><td class="num">0</td><td class="num attn">2</td><td class="num">215,384</td><td></td><td></td></tr>
</table>
<table id='summary'><thead><tr><th>Class</th><th>Method</th><th>Start</th><th>Time (ms)</th></tr></thead><tbody><tr><th colspan="4">OneToRunThemAll</th></tr></tbody><tbody id="t0"><tr><th colspan="4">AllClasses &#8212; failed</th></tr><tr class="failedeven"><td rowspan="1">tests.TestLogInLogOut</td><td><a href="#m0">logInWithPoPUpScreen</a></td><td rowspan="1">1665761127445</td><td rowspan="1">10441</td></tr><tr class="failedodd"><td rowspan="1">tests.TestSearchBar</td><td><a href="#m1">testSearchBar</a></td><td rowspan="1">1665761175718</td><td rowspan="1">3472</td></tr><tr><th colspan="4">AllClasses &#8212; passed</th></tr><tr class="passedeven"><td rowspan="2">tests.TestAccountCreation</td><td><a href="#m2">invalidDataAcountCreation</a></td><td rowspan="1">1665761007490</td><td rowspan="1">46378</td></tr><tr class="passedeven"><td><a href="#m3">validUserCredentialsWithoutAcceptingPrivacyPolicy</a></td><td rowspan="1">1665761061906</td><td rowspan="1">5324</td></tr><tr class="passedodd"><td rowspan="5">tests.TestConfluxHomePage</td><td><a href="#m4">changePageLanguageToSerbian</a></td><td rowspan="1">1665760991669</td><td rowspan="1">1668</td></tr><tr class="passedodd"><td><a href="#m5">navigateToConfluxPage</a></td><td rowspan="1">1665760987692</td><td rowspan="1">3973</td></tr><tr class="passedodd"><td><a href="#m6">revertToEnglish</a></td><td rowspan="1">1665760993338</td><td rowspan="1">1365</td></tr><tr class="passedodd"><td><a href="#m7">testFacebookLink</a></td><td rowspan="1">1665760994703</td><td rowspan="1">97</td></tr><tr class="passedodd"><td><a href="#m8">testInstagramLink</a></td><td rowspan="1">1665760994801</td><td rowspan="1">90</td></tr><tr class="passedeven"><td rowspan="7">tests.TestLogInLogOut</td><td><a href="#m9">happyPath</a></td><td rowspan="1">1665761073960</td><td rowspan="1">2607</td></tr><tr class="passedeven"><td><a href="#m10">happyPathLogOut</a></td><td rowspan="1">1665761082293</td><td rowspan="1">4157</td></tr><tr class="passedeven"><td><a href="#m11">invalidCredentials</a></td><td rowspan="5">1665761108985</td><td rowspan="5">1910</td></tr><tr class="passedeven"><td><a href="#m12">invalidCredentials</a></td></tr><tr class="passedeven"><td><a href="#m13">invalidCredentials</a></td></tr><tr class="passedeven"><td><a href="#m14">invalidCredentials</a></td></tr><tr class="passedeven"><td><a href="#m15">invalidCredentials</a></td></tr><tr class="passedodd"><td rowspan="3">tests.TestSearchBar</td><td><a href="#m16">testSearchBar</a></td><td rowspan="3">1665761144907</td><td rowspan="3">3694</td></tr><tr class="passedodd"><td><a href="#m17">testSearchBar</a></td></tr><tr class="passedodd"><td><a href="#m18">testSearchBar</a></td></tr><tr class="passedeven"><td rowspan="6">tests.TestWishlistPage</td><td><a href="#m19">AddItemToWishlistfromHomePage</a></td><td rowspan="1">1665761180620</td><td rowspan="1">3063</td></tr><tr class="passedeven"><td><a href="#m20">AddOneItemFromRecentlyViewed</a></td><td rowspan="1">1665761188583</td><td rowspan="1">1512</td></tr><tr class="passedeven"><td><a href="#m21">AddSecondItemToWishListFromBoardGamesPage</a></td><td rowspan="1">1665761183684</td><td rowspan="1">3745</td></tr><tr class="passedeven"><td><a href="#m22">CheckWishlistAfterLogout</a></td><td rowspan="1">1665761190096</td><td rowspan="1">2249</td></tr><tr class="passedeven"><td><a href="#m23">RemoveOneItemFromWishlist</a></td><td rowspan="1">1665761187430</td><td rowspan="1">1153</td></tr><tr class="passedeven"><td><a href="#m24">ToWishlistWithoutLoggingIn</a></td><td rowspan="1">1665761179256</td><td rowspan="1">1363</td></tr></tbody>
</table>
<h2>AllClasses</h2><h3 id="m0">tests.TestLogInLogOut#logInWithPoPUpScreen</h3><table class="result"><tr><th>Exception</th></tr><tr><td><div class="stacktrace">org.openqa.selenium.json.JsonException: java.lang.reflect.InvocationTargetException
Build info: version: &apos;4.1.1&apos;, revision: &apos;e8fcc2cecf&apos;
System info: host: &apos;DESKTOP-9UN6AFD&apos;, ip: &apos;192.168.100.4&apos;, os.name: &apos;Windows 10&apos;, os.arch: &apos;amd64&apos;, os.version: &apos;10.0&apos;, java.version: &apos;1.8.0_345&apos;
Driver info: org.openqa.selenium.chrome.ChromeDriver
Command: [d42d62e1ffeb19859cec8100e94498f4, actions {actions=[org.openqa.selenium.interactions.Sequence@64dc86c6, org.openqa.selenium.interactions.Sequence@26874f2c]}]
Capabilities {acceptInsecureCerts: false, browserName: chrome, browserVersion: 106.0.5249.119, chrome: {chromedriverVersion: 105.0.5195.52 (412c95e51883..., userDataDir: C:\Users\DIGESTA\AppData\Lo...}, goog:chromeOptions: {debuggerAddress: localhost:10938}, javascriptEnabled: true, networkConnectionEnabled: false, pageLoadStrategy: normal, platform: WINDOWS, platformName: WINDOWS, proxy: Proxy(), se:cdp: ws://localhost:10938/devtoo..., se:cdpVersion: 106.0.5249.119, setWindowRect: true, strictFileInteractability: false, timeouts: {implicit: 0, pageLoad: 300000, script: 30000}, unhandledPromptBehavior: dismiss and notify, webauthn:extension:credBlob: true, webauthn:extension:largeBlob: true, webauthn:virtualAuthenticators: true}
Session ID: d42d62e1ffeb19859cec8100e94498f4
	at org.openqa.selenium.json.JsonOutput.convertUsingMethod(JsonOutput.java:362)
	at org.openqa.selenium.json.JsonOutput.lambda$new$16(JsonOutput.java:154)
	at org.openqa.selenium.json.JsonOutput.write(JsonOutput.java:287)
	at org.openqa.selenium.json.JsonOutput.lambda$new$22(JsonOutput.java:169)
	at java.util.stream.ForEachOps$ForEachOp$OfRef.accept(ForEachOps.java:183)
	at java.util.stream.ReferencePipeline$2$1.accept(ReferencePipeline.java:175)
	at java.util.Iterator.forEachRemaining(Iterator.java:116)
	at java.util.Spliterators$IteratorSpliterator.forEachRemaining(Spliterators.java:1801)
	at java.util.stream.AbstractPipeline.copyInto(AbstractPipeline.java:482)
	at java.util.stream.AbstractPipeline.wrapAndCopyInto(AbstractPipeline.java:472)
	at java.util.stream.ForEachOps$ForEachOp.evaluateSequential(ForEachOps.java:150)
	at java.util.stream.ForEachOps$ForEachOp$OfRef.evaluateSequential(ForEachOps.java:173)
	at java.util.stream.AbstractPipeline.evaluate(AbstractPipeline.java:234)
	at java.util.stream.ReferencePipeline.forEach(ReferencePipeline.java:485)
	at org.openqa.selenium.json.JsonOutput.lambda$new$23(JsonOutput.java:169)
	at org.openqa.selenium.json.JsonOutput.write(JsonOutput.java:287)
	at org.openqa.selenium.json.JsonOutput.lambda$new$24(JsonOutput.java:182)
	at com.google.common.collect.SingletonImmutableBiMap.forEach(SingletonImmutableBiMap.java:68)
	at org.openqa.selenium.json.JsonOutput.lambda$new$25(JsonOutput.java:177)
	at org.openqa.selenium.json.JsonOutput.write(JsonOutput.java:287)
	at org.openqa.selenium.json.JsonOutput.write(JsonOutput.java:278)
	at org.openqa.selenium.json.Json.toJson(Json.java:42)
	at org.openqa.selenium.remote.codec.AbstractHttpCommandCodec.encode(AbstractHttpCommandCodec.java:259)
	at org.openqa.selenium.remote.codec.AbstractHttpCommandCodec.encode(AbstractHttpCommandCodec.java:127)
	at org.openqa.selenium.remote.HttpCommandExecutor.execute(HttpCommandExecutor.java:172)
	at org.openqa.selenium.remote.service.DriverCommandExecutor.invokeExecute(DriverCommandExecutor.java:167)
	at org.openqa.selenium.remote.service.DriverCommandExecutor.execute(DriverCommandExecutor.java:142)
	at org.openqa.selenium.remote.RemoteWebDriver.execute(RemoteWebDriver.java:543)
	at org.openqa.selenium.remote.RemoteWebDriver.perform(RemoteWebDriver.java:611)
	at org.openqa.selenium.interactions.Actions$BuiltAction.perform(Actions.java:617)
	at org.openqa.selenium.interactions.Actions.perform(Actions.java:573)
	at pages.LogInPageAndLogOut.enterUserEmailPopUp(LogInPageAndLogOut.java:123)
	at tests.TestLogInLogOut.logInWithPoPUpScreen(TestLogInLogOut.java:90)
	at java.util.ArrayList.forEach(ArrayList.java:1259)
	at com.intellij.rt.testng.IDEARemoteTestNG.run(IDEARemoteTestNG.java:66)
	at com.intellij.rt.testng.RemoteTestNGStarter.main(RemoteTestNGStarter.java:109)
	Suppressed: org.openqa.selenium.json.JsonException: Attempting to close incomplete json stream
Build info: version: &apos;4.1.1&apos;, revision: &apos;e8fcc2cecf&apos;
System info: host: &apos;DESKTOP-9UN6AFD&apos;, ip: &apos;192.168.100.4&apos;, os.name: &apos;Windows 10&apos;, os.arch: &apos;amd64&apos;, os.version: &apos;10.0&apos;, java.version: &apos;1.8.0_345&apos;
Driver info: driver.version: RemoteWebDriver
		at org.openqa.selenium.json.JsonOutput.close(JsonOutput.java:303)
		at org.openqa.selenium.json.Json.toJson(Json.java:40)
		... 38 more
	at org.openqa.selenium.json.JsonOutput.convertUsingMethod(JsonOutput.java:358)
	... 59 more
Caused by: org.openqa.selenium.NoSuchElementException: no such element: Unable to locate element: {&quot;method&quot;:&quot;xpath&quot;,&quot;selector&quot;:&quot;//*[@id=&quot;input-email&quot;]&quot;}
  (Session info: chrome=106.0.5249.119)
For documentation on this error, please visit: https://selenium.dev/exceptions/#no_such_element
Build info: version: &apos;4.1.1&apos;, revision: &apos;e8fcc2cecf&apos;
System info: host: &apos;DESKTOP-9UN6AFD&apos;, ip: &apos;192.168.100.4&apos;, os.name: &apos;Windows 10&apos;, os.arch: &apos;amd64&apos;, os.version: &apos;10.0&apos;, java.version: &apos;1.8.0_345&apos;
Driver info: org.openqa.selenium.chrome.ChromeDriver
Command: [d42d62e1ffeb19859cec8100e94498f4, findElement {using=xpath, value=//*[@id=&quot;input-email&quot;]}]
Capabilities {acceptInsecureCerts: false, browserName: chrome, browserVersion: 106.0.5249.119, chrome: {chromedriverVersion: 105.0.5195.52 (412c95e51883..., userDataDir: C:\Users\DIGESTA\AppData\Lo...}, goog:chromeOptions: {debuggerAddress: localhost:10938}, javascriptEnabled: true, networkConnectionEnabled: false, pageLoadStrategy: normal, platform: WINDOWS, platformName: WINDOWS, proxy: Proxy(), se:cdp: ws://localhost:10938/devtoo..., se:cdpVersion: 106.0.5249.119, setWindowRect: true, strictFileInteractability: false, timeouts: {implicit: 0, pageLoad: 300000, script: 30000}, unhandledPromptBehavior: dismiss and notify, webauthn:extension:credBlob: true, webauthn:extension:largeBlob: true, webauthn:virtualAuthenticators: true}
Session ID: d42d62e1ffeb19859cec8100e94498f4
	at org.openqa.selenium.remote.codec.w3c.W3CHttpResponseCodec.createException(W3CHttpResponseCodec.java:200)
	at org.openqa.selenium.remote.codec.w3c.W3CHttpResponseCodec.decode(W3CHttpResponseCodec.java:133)
	at org.openqa.selenium.remote.codec.w3c.W3CHttpResponseCodec.decode(W3CHttpResponseCodec.java:53)
	at org.openqa.selenium.remote.HttpCommandExecutor.execute(HttpCommandExecutor.java:184)
	at org.openqa.selenium.remote.service.DriverCommandExecutor.invokeExecute(DriverCommandExecutor.java:167)
	at org.openqa.selenium.remote.service.DriverCommandExecutor.execute(DriverCommandExecutor.java:142)
	at org.openqa.selenium.remote.RemoteWebDriver.execute(RemoteWebDriver.java:543)
	at org.openqa.selenium.remote.ElementLocation$ElementFinder$2.findElement(ElementLocation.java:162)
	at org.openqa.selenium.remote.ElementLocation.findElement(ElementLocation.java:60)
	at org.openqa.selenium.remote.RemoteWebDriver.findElement(RemoteWebDriver.java:367)
	at org.openqa.selenium.remote.RemoteWebDriver.findElement(RemoteWebDriver.java:359)
	at org.openqa.selenium.support.pagefactory.DefaultElementLocator.findElement(DefaultElementLocator.java:70)
	at org.openqa.selenium.support.pagefactory.internal.LocatingElementHandler.invoke(LocatingElementHandler.java:39)
	at com.sun.proxy.$Proxy16.getWrappedElement(Unknown Source)
	at org.openqa.selenium.interactions.PointerInput$Origin.asArg(PointerInput.java:201)
	at org.openqa.selenium.interactions.PointerInput$Move.encode(PointerInput.java:152)
	at org.openqa.selenium.interactions.Sequence.encode(Sequence.java:73)
	at org.openqa.selenium.interactions.Sequence.toJson(Sequence.java:82)
	... 64 more
... Removed 33 stack frames</div></td></tr></table><p class="totop"><a href="#summary">back to summary</a></p>
<h3 id="m1">tests.TestSearchBar#testSearchBar</h3><table class="result"><tr class="param"><th>Parameter #1</th><th>Parameter #2</th></tr><tr class="param stripe"><td></td><td>12</td></tr><tr><th colspan="2">Exception</th></tr><tr><td colspan="2"><div class="stacktrace">java.lang.AssertionError: Numbers of displayed items should match expected [12] but found [24]
	at tests.TestSearchBar.testSearchBar(TestSearchBar.java:54)
	at java.util.ArrayList.forEach(ArrayList.java:1259)
	at com.intellij.rt.testng.IDEARemoteTestNG.run(IDEARemoteTestNG.java:66)
	at com.intellij.rt.testng.RemoteTestNGStarter.main(RemoteTestNGStarter.java:109)
... Removed 29 stack frames</div></td></tr></table><p class="totop"><a href="#summary">back to summary</a></p>
<h3 id="m2">tests.TestAccountCreation#invalidDataAcountCreation</h3><table class="result"><tr><th class="invisible"/></tr></table><p class="totop"><a href="#summary">back to summary</a></p>
<h3 id="m3">tests.TestAccountCreation#validUserCredentialsWithoutAcceptingPrivacyPolicy</h3><table class="result"><tr><th class="invisible"/></tr></table><p class="totop"><a href="#summary">back to summary</a></p>
<h3 id="m4">tests.TestConfluxHomePage#changePageLanguageToSerbian</h3><table class="result"><tr><th class="invisible"/></tr></table><p class="totop"><a href="#summary">back to summary</a></p>
<h3 id="m5">tests.TestConfluxHomePage#navigateToConfluxPage</h3><table class="result"><tr><th class="invisible"/></tr></table><p class="totop"><a href="#summary">back to summary</a></p>
<h3 id="m6">tests.TestConfluxHomePage#revertToEnglish</h3><table class="result"><tr><th class="invisible"/></tr></table><p class="totop"><a href="#summary">back to summary</a></p>
<h3 id="m7">tests.TestConfluxHomePage#testFacebookLink</h3><table class="result"><tr><th class="invisible"/></tr></table><p class="totop"><a href="#summary">back to summary</a></p>
<h3 id="m8">tests.TestConfluxHomePage#testInstagramLink</h3><table class="result"><tr><th class="invisible"/></tr></table><p class="totop"><a href="#summary">back to summary</a></p>
<h3 id="m9">tests.TestLogInLogOut#happyPath</h3><table class="result"><tr><th class="invisible"/></tr></table><p class="totop"><a href="#summary">back to summary</a></p>
<h3 id="m10">tests.TestLogInLogOut#happyPathLogOut</h3><table class="result"><tr><th class="invisible"/></tr></table><p class="totop"><a href="#summary">back to summary</a></p>
<h3 id="m11">tests.TestLogInLogOut#invalidCredentials</h3><table class="result"><tr class="param"><th>Parameter #1</th><th>Parameter #2</th></tr><tr class="param stripe"><td>oralee24@lmaritimen.com</td><td></td></tr></table><p class="totop"><a href="#summary">back to summary</a></p>
<h3 id="m12">tests.TestLogInLogOut#invalidCredentials</h3><table class="result"><tr class="param"><th>Parameter #1</th><th>Parameter #2</th></tr><tr class="param stripe"><td></td><td></td></tr></table><p class="totop"><a href="#summary">back to summary</a></p>
<h3 id="m13">tests.TestLogInLogOut#invalidCredentials</h3><table class="result"><tr class="param"><th>Parameter #1</th><th>Parameter #2</th></tr><tr class="param stripe"><td>oralee24lmaritimen.com</td><td>1234</td></tr></table><p class="totop"><a href="#summary">back to summary</a></p>
<h3 id="m14">tests.TestLogInLogOut#invalidCredentials</h3><table class="result"><tr class="param"><th>Parameter #1</th><th>Parameter #2</th></tr><tr class="param stripe"><td>oralee24@lmaritimen.com</td><td>124</td></tr></table><p class="totop"><a href="#summary">back to summary</a></p>
<h3 id="m15">tests.TestLogInLogOut#invalidCredentials</h3><table class="result"><tr class="param"><th>Parameter #1</th><th>Parameter #2</th></tr><tr class="param stripe"><td></td><td>1234</td></tr></table><p class="totop"><a href="#summary">back to summary</a></p>
<h3 id="m16">tests.TestSearchBar#testSearchBar</h3><table class="result"><tr class="param"><th>Parameter #1</th><th>Parameter #2</th></tr><tr class="param stripe"><td>Fallout</td><td>4</td></tr></table><p class="totop"><a href="#summary">back to summary</a></p>
<h3 id="m17">tests.TestSearchBar#testSearchBar</h3><table class="result"><tr class="param"><th>Parameter #1</th><th>Parameter #2</th></tr><tr class="param stripe"><td>Waterdeep</td><td>6</td></tr></table><p class="totop"><a href="#summary">back to summary</a></p>
<h3 id="m18">tests.TestSearchBar#testSearchBar</h3><table class="result"><tr class="param"><th>Parameter #1</th><th>Parameter #2</th></tr><tr class="param stripe"><td>Dark Souls</td><td>2</td></tr></table><p class="totop"><a href="#summary">back to summary</a></p>
<h3 id="m19">tests.TestWishlistPage#AddItemToWishlistfromHomePage</h3><table class="result"><tr><th class="invisible"/></tr></table><p class="totop"><a href="#summary">back to summary</a></p>
<h3 id="m20">tests.TestWishlistPage#AddOneItemFromRecentlyViewed</h3><table class="result"><tr><th class="invisible"/></tr></table><p class="totop"><a href="#summary">back to summary</a></p>
<h3 id="m21">tests.TestWishlistPage#AddSecondItemToWishListFromBoardGamesPage</h3><table class="result"><tr><th class="invisible"/></tr></table><p class="totop"><a href="#summary">back to summary</a></p>
<h3 id="m22">tests.TestWishlistPage#CheckWishlistAfterLogout</h3><table class="result"><tr><th class="invisible"/></tr></table><p class="totop"><a href="#summary">back to summary</a></p>
<h3 id="m23">tests.TestWishlistPage#RemoveOneItemFromWishlist</h3><table class="result"><tr><th class="invisible"/></tr></table><p class="totop"><a href="#summary">back to summary</a></p>
<h3 id="m24">tests.TestWishlistPage#ToWishlistWithoutLoggingIn</h3><table class="result"><tr><th class="invisible"/></tr></table><p class="totop"><a href="#summary">back to summary</a></p>
</body>
</html>
