<?xml version="1.0" encoding="UTF-8"?>
<testng-results skipped="0" failed="2" ignored="3" total="28" passed="23">
  <reporter-output>
  </reporter-output>
  <suite name="OneToRunThemAll" duration-ms="215384" started-at="2022-10-14T17:22:57 CEST" finished-at="2022-10-14T17:26:33 CEST">
    <groups>
    </groups>
    <test name="AllClasses" duration-ms="215384" started-at="2022-10-14T17:22:57 CEST" finished-at="2022-10-14T17:26:33 CEST">
      <class name="tests.TestWishlistPage">
        <test-method status="PASS" signature="config()[pri:0, instance:tests.TestWishlistPage@1d29cf23]" name="config" is-config="true" duration-ms="4244" started-at="2022-10-14T17:23:03 CEST" finished-at="2022-10-14T17:23:07 CEST">
          <reporter-output>
          </reporter-output>
        </test-method> <!-- config -->
        <test-method status="PASS" signature="ToWishlistWithoutLoggingIn()[pri:1, instance:tests.TestWishlistPage@1d29cf23]" name="ToWishlistWithoutLoggingIn" duration-ms="1363" started-at="2022-10-14T17:26:19 CEST" finished-at="2022-10-14T17:26:20 CEST">
          <reporter-output>
          </reporter-output>
        </test-method> <!-- ToWishlistWithoutLoggingIn -->
        <test-method status="PASS" signature="AddItemToWishlistfromHomePage()[pri:2, instance:tests.TestWishlistPage@1d29cf23]" name="AddItemToWishlistfromHomePage" duration-ms="3063" started-at="2022-10-14T17:26:20 CEST" finished-at="2022-10-14T17:26:23 CEST">
          <reporter-output>
          </reporter-output>
        </test-method> <!-- AddItemToWishlistfromHomePage -->
        <test-method status="PASS" signature="AddSecondItemToWishListFromBoardGamesPage()[pri:3, instance:tests.TestWishlistPage@1d29cf23]" name="AddSecondItemToWishListFromBoardGamesPage" duration-ms="3745" started-at="2022-10-14T17:26:23 CEST" finished-at="2022-10-14T17:26:27 CEST">
          <reporter-output>
          </reporter-output>
        </test-method> <!-- AddSecondItemToWishListFromBoardGamesPage -->
        <test-method status="PASS" signature="RemoveOneItemFromWishlist()[pri:4, instance:tests.TestWishlistPage@1d29cf23]" name="RemoveOneItemFromWishlist" duration-ms="1153" started-at="2022-10-14T17:26:27 CEST" finished-at="2022-10-14T17:26:28 CEST">
          <reporter-output>
          </reporter-output>
        </test-method> <!-- RemoveOneItemFromWishlist -->
        <test-method status="PASS" signature="AddOneItemFromRecentlyViewed()[pri:5, instance:tests.TestWishlistPage@1d29cf23]" name="AddOneItemFromRecentlyViewed" duration-ms="1512" started-at="2022-10-14T17:26:28 CEST" finished-at="2022-10-14T17:26:30 CEST">
          <reporter-output>
          </reporter-output>
        </test-method> <!-- AddOneItemFromRecentlyViewed -->
        <test-method status="PASS" signature="CheckWishlistAfterLogout()[pri:6, instance:tests.TestWishlistPage@1d29cf23]" name="CheckWishlistAfterLogout" duration-ms="2249" started-at="2022-10-14T17:26:30 CEST" finished-at="2022-10-14T17:26:32 CEST">
          <reporter-output>
          </reporter-output>
        </test-method> <!-- CheckWishlistAfterLogout -->
        <test-method status="PASS" signature="closeWebDriver()[pri:0, instance:tests.TestWishlistPage@1d29cf23]" name="closeWebDriver" is-config="true" duration-ms="47" started-at="2022-10-14T17:26:33 CEST" finished-at="2022-10-14T17:26:33 CEST">
          <reporter-output>
          </reporter-output>
        </test-method> <!-- closeWebDriver -->
      </class> <!-- tests.TestWishlistPage -->
      <class name="tests.TestAccountCreation">
        <test-method status="PASS" signature="config()[pri:0, instance:tests.TestAccountCreation@396f6598]" name="config" is-config="true" duration-ms="12597" started-at="2022-10-14T17:23:14 CEST" finished-at="2022-10-14T17:23:27 CEST">
          <reporter-output>
          </reporter-output>
        </test-method> <!-- config -->
        <test-method status="PASS" signature="invalidDataAcountCreation()[pri:0, instance:tests.TestAccountCreation@396f6598]" name="invalidDataAcountCreation" duration-ms="46378" started-at="2022-10-14T17:23:27 CEST" description="variation of createAccountWithInvalidData, read from xml file" finished-at="2022-10-14T17:24:13 CEST">
          <reporter-output>
          </reporter-output>
        </test-method> <!-- invalidDataAcountCreation -->
        <test-method status="PASS" signature="closeWD()[pri:0, instance:tests.TestAccountCreation@396f6598]" name="closeWD" is-config="true" duration-ms="73" started-at="2022-10-14T17:24:13 CEST" finished-at="2022-10-14T17:24:13 CEST">
          <reporter-output>
          </reporter-output>
        </test-method> <!-- closeWD -->
        <test-method status="PASS" signature="config()[pri:0, instance:tests.TestAccountCreation@396f6598]" name="config" is-config="true" duration-ms="7962" started-at="2022-10-14T17:24:13 CEST" finished-at="2022-10-14T17:24:21 CEST">
          <reporter-output>
          </reporter-output>
        </test-method> <!-- config -->
        <test-method status="PASS" signature="validUserCredentialsWithoutAcceptingPrivacyPolicy()[pri:0, instance:tests.TestAccountCreation@396f6598]" name="validUserCredentialsWithoutAcceptingPrivacyPolicy" duration-ms="5324" started-at="2022-10-14T17:24:21 CEST" finished-at="2022-10-14T17:24:27 CEST">
          <reporter-output>
          </reporter-output>
        </test-method> <!-- validUserCredentialsWithoutAcceptingPrivacyPolicy -->
        <test-method status="PASS" signature="closeWD()[pri:0, instance:tests.TestAccountCreation@396f6598]" name="closeWD" is-config="true" duration-ms="65" started-at="2022-10-14T17:24:27 CEST" finished-at="2022-10-14T17:24:27 CEST">
          <reporter-output>
          </reporter-output>
        </test-method> <!-- closeWD -->
      </class> <!-- tests.TestAccountCreation -->
      <class name="tests.TestLogInLogOut">
        <test-method status="PASS" signature="config()[pri:0, instance:tests.TestLogInLogOut@394e1a0f]" name="config" is-config="true" duration-ms="6665" started-at="2022-10-14T17:24:27 CEST" finished-at="2022-10-14T17:24:33 CEST">
          <reporter-output>
          </reporter-output>
        </test-method> <!-- config -->
        <test-method status="PASS" signature="happyPath()[pri:0, instance:tests.TestLogInLogOut@394e1a0f]" name="happyPath" duration-ms="2607" started-at="2022-10-14T17:24:33 CEST" finished-at="2022-10-14T17:24:36 CEST">
          <reporter-output>
          </reporter-output>
        </test-method> <!-- happyPath -->
        <test-method status="PASS" signature="closeWebDriver()[pri:0, instance:tests.TestLogInLogOut@394e1a0f]" name="closeWebDriver" is-config="true" duration-ms="59" started-at="2022-10-14T17:24:36 CEST" finished-at="2022-10-14T17:24:36 CEST">
          <reporter-output>
          </reporter-output>
        </test-method> <!-- closeWebDriver -->
        <test-method status="PASS" signature="config()[pri:0, instance:tests.TestLogInLogOut@394e1a0f]" name="config" is-config="true" duration-ms="5665" started-at="2022-10-14T17:24:36 CEST" finished-at="2022-10-14T17:24:42 CEST">
          <reporter-output>
          </reporter-output>
        </test-method> <!-- config -->
        <test-method status="PASS" signature="happyPathLogOut()[pri:0, instance:tests.TestLogInLogOut@394e1a0f]" name="happyPathLogOut" duration-ms="4157" started-at="2022-10-14T17:24:42 CEST" finished-at="2022-10-14T17:24:46 CEST">
          <reporter-output>
          </reporter-output>
        </test-method> <!-- happyPathLogOut -->
        <test-method status="PASS" signature="closeWebDriver()[pri:0, instance:tests.TestLogInLogOut@394e1a0f]" name="closeWebDriver" is-config="true" duration-ms="2616" started-at="2022-10-14T17:24:46 CEST" finished-at="2022-10-14T17:24:49 CEST">
          <reporter-output>
          </reporter-output>
        </test-method> <!-- closeWebDriver -->
        <test-method status="PASS" signature="config()[pri:0, instance:tests.TestLogInLogOut@394e1a0f]" name="config" is-config="true" duration-ms="4465" started-at="2022-10-14T17:24:49 CEST" finished-at="2022-10-14T17:24:53 CEST">
          <reporter-output>
          </reporter-output>
        </test-method> <!-- config -->
        <test-method status="PASS" signature="invalidCredentials(java.lang.String,java.lang.String)[pri:0, instance:tests.TestLogInLogOut@394e1a0f]" name="invalidCredentials" duration-ms="1745" started-at="2022-10-14T17:24:53 CEST" data-provider="invalidUserCredentials" finished-at="2022-10-14T17:24:55 CEST">
          <params>
            <param index="0">
              <value>
                <![CDATA[]]>
              </value>
            </param>
            <param index="1">
              <value>
                <![CDATA[]]>
              </value>
            </param>
          </params>
          <reporter-output>
          </reporter-output>
        </test-method> <!-- invalidCredentials -->
        <test-method status="PASS" signature="closeWebDriver()[pri:0, instance:tests.TestLogInLogOut@394e1a0f]" name="closeWebDriver" is-config="true" duration-ms="63" started-at="2022-10-14T17:24:55 CEST" finished-at="2022-10-14T17:24:55 CEST">
          <reporter-output>
          </reporter-output>
        </test-method> <!-- closeWebDriver -->
        <test-method status="PASS" signature="config()[pri:0, instance:tests.TestLogInLogOut@394e1a0f]" name="config" is-config="true" duration-ms="4843" started-at="2022-10-14T17:24:55 CEST" finished-at="2022-10-14T17:25:00 CEST">
          <reporter-output>
          </reporter-output>
        </test-method> <!-- config -->
        <test-method status="PASS" signature="invalidCredentials(java.lang.String,java.lang.String)[pri:0, instance:tests.TestLogInLogOut@394e1a0f]" name="invalidCredentials" duration-ms="1666" started-at="2022-10-14T17:25:00 CEST" data-provider="invalidUserCredentials" finished-at="2022-10-14T17:25:01 CEST">
          <params>
            <param index="0">
              <value>
                <![CDATA[]]>
              </value>
            </param>
            <param index="1">
              <value>
                <![CDATA[1234]]>
              </value>
            </param>
          </params>
          <reporter-output>
          </reporter-output>
        </test-method> <!-- invalidCredentials -->
        <test-method status="PASS" signature="closeWebDriver()[pri:0, instance:tests.TestLogInLogOut@394e1a0f]" name="closeWebDriver" is-config="true" duration-ms="2659" started-at="2022-10-14T17:25:01 CEST" finished-at="2022-10-14T17:25:04 CEST">
          <reporter-output>
          </reporter-output>
        </test-method> <!-- closeWebDriver -->
        <test-method status="PASS" signature="config()[pri:0, instance:tests.TestLogInLogOut@394e1a0f]" name="config" is-config="true" duration-ms="4473" started-at="2022-10-14T17:25:04 CEST" finished-at="2022-10-14T17:25:08 CEST">
          <reporter-output>
          </reporter-output>
        </test-method> <!-- config -->
        <test-method status="PASS" signature="invalidCredentials(java.lang.String,java.lang.String)[pri:0, instance:tests.TestLogInLogOut@394e1a0f]" name="invalidCredentials" duration-ms="1910" started-at="2022-10-14T17:25:08 CEST" data-provider="invalidUserCredentials" finished-at="2022-10-14T17:25:10 CEST">
          <params>
            <param index="0">
              <value>
                <![CDATA[oralee24@lmaritimen.com]]>
              </value>
            </param>
            <param index="1">
              <value>
                <![CDATA[]]>
              </value>
            </param>
          </params>
          <reporter-output>
          </reporter-output>
        </test-method> <!-- invalidCredentials -->
        <test-method status="PASS" signature="closeWebDriver()[pri:0, instance:tests.TestLogInLogOut@394e1a0f]" name="closeWebDriver" is-config="true" duration-ms="59" started-at="2022-10-14T17:25:10 CEST" finished-at="2022-10-14T17:25:10 CEST">
          <reporter-output>
          </reporter-output>
        </test-method> <!-- closeWebDriver -->
        <test-method status="PASS" signature="config()[pri:0, instance:tests.TestLogInLogOut@394e1a0f]" name="config" is-config="true" duration-ms="3973" started-at="2022-10-14T17:25:10 CEST" finished-at="2022-10-14T17:25:14 CEST">
          <reporter-output>
          </reporter-output>
        </test-method> <!-- config -->
        <test-method status="PASS" signature="invalidCredentials(java.lang.String,java.lang.String)[pri:0, instance:tests.TestLogInLogOut@394e1a0f]" name="invalidCredentials" duration-ms="1555" started-at="2022-10-14T17:25:14 CEST" data-provider="invalidUserCredentials" finished-at="2022-10-14T17:25:16 CEST">
          <params>
            <param index="0">
              <value>
                <![CDATA[oralee24lmaritimen.com]]>
              </value>
            </param>
            <param index="1">
              <value>
                <![CDATA[1234]]>
              </value>
            </param>
          </params>
          <reporter-output>
          </reporter-output>
        </test-method> <!-- invalidCredentials -->
        <test-method status="PASS" signature="closeWebDriver()[pri:0, instance:tests.TestLogInLogOut@394e1a0f]" name="closeWebDriver" is-config="true" duration-ms="71" started-at="2022-10-14T17:25:16 CEST" finished-at="2022-10-14T17:25:16 CEST">
          <reporter-output>
          </reporter-output>
        </test-method> <!-- closeWebDriver -->
        <test-method status="PASS" signature="config()[pri:0, instance:tests.TestLogInLogOut@394e1a0f]" name="config" is-config="true" duration-ms="4307" started-at="2022-10-14T17:25:16 CEST" finished-at="2022-10-14T17:25:20 CEST">
          <reporter-output>
          </reporter-output>
        </test-method> <!-- config -->
        <test-method status="PASS" signature="invalidCredentials(java.lang.String,java.lang.String)[pri:0, instance:tests.TestLogInLogOut@394e1a0f]" name="invalidCredentials" duration-ms="1787" started-at="2022-10-14T17:25:20 CEST" data-provider="invalidUserCredentials" finished-at="2022-10-14T17:25:22 CEST">
          <params>
            <param index="0">
              <value>
                <![CDATA[oralee24@lmaritimen.com]]>
              </value>
            </param>
            <param index="1">
              <value>
                <![CDATA[124]]>
              </value>
            </param>
          </params>
          <reporter-output>
          </reporter-output>
        </test-method> <!-- invalidCredentials -->
        <test-method status="PASS" signature="closeWebDriver()[pri:0, instance:tests.TestLogInLogOut@394e1a0f]" name="closeWebDriver" is-config="true" duration-ms="43" started-at="2022-10-14T17:25:22 CEST" finished-at="2022-10-14T17:25:22 CEST">
          <reporter-output>
          </reporter-output>
        </test-method> <!-- closeWebDriver -->
        <test-method status="PASS" signature="config()[pri:0, instance:tests.TestLogInLogOut@394e1a0f]" name="config" is-config="true" duration-ms="4752" started-at="2022-10-14T17:25:22 CEST" finished-at="2022-10-14T17:25:27 CEST">
          <reporter-output>
          </reporter-output>
        </test-method> <!-- config -->
        <test-method status="FAIL" signature="logInWithPoPUpScreen()[pri:0, instance:tests.TestLogInLogOut@394e1a0f]" name="logInWithPoPUpScreen" duration-ms="10441" started-at="2022-10-14T17:25:27 CEST" finished-at="2022-10-14T17:25:37 CEST">
          <exception class="org.openqa.selenium.json.JsonException">
            <message>
              <![CDATA[java.lang.reflect.InvocationTargetException
Build info: version: '4.1.1', revision: 'e8fcc2cecf'
System info: host: 'DESKTOP-9UN6AFD', ip: '192.168.100.4', os.name: 'Windows 10', os.arch: 'amd64', os.version: '10.0', java.version: '1.8.0_345'
Driver info: org.openqa.selenium.chrome.ChromeDriver
Command: [d42d62e1ffeb19859cec8100e94498f4, actions {actions=[org.openqa.selenium.interactions.Sequence@64dc86c6, org.openqa.selenium.interactions.Sequence@26874f2c]}]
Capabilities {acceptInsecureCerts: false, browserName: chrome, browserVersion: 106.0.5249.119, chrome: {chromedriverVersion: 105.0.5195.52 (412c95e51883..., userDataDir: C:\Users\DIGESTA\AppData\Lo...}, goog:chromeOptions: {debuggerAddress: localhost:10938}, javascriptEnabled: true, networkConnectionEnabled: false, pageLoadStrategy: normal, platform: WINDOWS, platformName: WINDOWS, proxy: Proxy(), se:cdp: ws://localhost:10938/devtoo..., se:cdpVersion: 106.0.5249.119, setWindowRect: true, strictFileInteractability: false, timeouts: {implicit: 0, pageLoad: 300000, script: 30000}, unhandledPromptBehavior: dismiss and notify, webauthn:extension:credBlob: true, webauthn:extension:largeBlob: true, webauthn:virtualAuthenticators: true}
Session ID: d42d62e1ffeb19859cec8100e94498f4]]>
            </message>
            <full-stacktrace>
              <![CDATA[org.openqa.selenium.json.JsonException: java.lang.reflect.InvocationTargetException
Build info: version: '4.1.1', revision: 'e8fcc2cecf'
System info: host: 'DESKTOP-9UN6AFD', ip: '192.168.100.4', os.name: 'Windows 10', os.arch: 'amd64', os.version: '10.0', java.version: '1.8.0_345'
Driver info: org.openqa.selenium.chrome.ChromeDriver
Command: [d42d62e1ffeb19859cec8100e94498f4, actions {actions=[org.openqa.selenium.interactions.Sequence@64dc86c6, org.openqa.selenium.interactions.Sequence@26874f2c]}]
Capabilities {acceptInsecureCerts: false, browserName: chrome, browserVersion: 106.0.5249.119, chrome: {chromedriverVersion: 105.0.5195.52 (412c95e51883..., userDataDir: C:\Users\DIGESTA\AppData\Lo...}, goog:chromeOptions: {debuggerAddress: localhost:10938}, javascriptEnabled: true, networkConnectionEnabled: false, pageLoadStrategy: normal, platform: WINDOWS, platformName: WINDOWS, proxy: Proxy(), se:cdp: ws://localhost:10938/devtoo..., se:cdpVersion: 106.0.5249.119, setWindowRect: true, strictFileInteractability: false, timeouts: {implicit: 0, pageLoad: 300000, script: 30000}, unhandledPromptBehavior: dismiss and notify, webauthn:extension:credBlob: true, webauthn:extension:largeBlob: true, webauthn:virtualAuthenticators: true}
Session ID: d42d62e1ffeb19859cec8100e94498f4
at org.openqa.selenium.json.JsonOutput.convertUsingMethod(JsonOutput.java:362)
at org.openqa.selenium.json.JsonOutput.lambda$new$16(JsonOutput.java:154)
at org.openqa.selenium.json.JsonOutput.write(JsonOutput.java:287)
at org.openqa.selenium.json.JsonOutput.lambda$new$22(JsonOutput.java:169)
at java.util.stream.ForEachOps$ForEachOp$OfRef.accept(ForEachOps.java:183)
at java.util.stream.ReferencePipeline$2$1.accept(ReferencePipeline.java:175)
at java.util.Iterator.forEachRemaining(Iterator.java:116)
at java.util.Spliterators$IteratorSpliterator.forEachRemaining(Spliterators.java:1801)
at java.util.stream.AbstractPipeline.copyInto(AbstractPipeline.java:482)
at java.util.stream.AbstractPipeline.wrapAndCopyInto(AbstractPipeline.java:472)
at java.util.stream.ForEachOps$ForEachOp.evaluateSequential(ForEachOps.java:150)
at java.util.stream.ForEachOps$ForEachOp$OfRef.evaluateSequential(ForEachOps.java:173)
at java.util.stream.AbstractPipeline.evaluate(AbstractPipeline.java:234)
at java.util.stream.ReferencePipeline.forEach(ReferencePipeline.java:485)
at org.openqa.selenium.json.JsonOutput.lambda$new$23(JsonOutput.java:169)
at org.openqa.selenium.json.JsonOutput.write(JsonOutput.java:287)
at org.openqa.selenium.json.JsonOutput.lambda$new$24(JsonOutput.java:182)
at com.google.common.collect.SingletonImmutableBiMap.forEach(SingletonImmutableBiMap.java:68)
at org.openqa.selenium.json.JsonOutput.lambda$new$25(JsonOutput.java:177)
at org.openqa.selenium.json.JsonOutput.write(JsonOutput.java:287)
at org.openqa.selenium.json.JsonOutput.write(JsonOutput.java:278)
at org.openqa.selenium.json.Json.toJson(Json.java:42)
at org.openqa.selenium.remote.codec.AbstractHttpCommandCodec.encode(AbstractHttpCommandCodec.java:259)
at org.openqa.selenium.remote.codec.AbstractHttpCommandCodec.encode(AbstractHttpCommandCodec.java:127)
at org.openqa.selenium.remote.HttpCommandExecutor.execute(HttpCommandExecutor.java:172)
at org.openqa.selenium.remote.service.DriverCommandExecutor.invokeExecute(DriverCommandExecutor.java:167)
at org.openqa.selenium.remote.service.DriverCommandExecutor.execute(DriverCommandExecutor.java:142)
at org.openqa.selenium.remote.RemoteWebDriver.execute(RemoteWebDriver.java:543)
at org.openqa.selenium.remote.RemoteWebDriver.perform(RemoteWebDriver.java:611)
at org.openqa.selenium.interactions.Actions$BuiltAction.perform(Actions.java:617)
at org.openqa.selenium.interactions.Actions.perform(Actions.java:573)
at pages.LogInPageAndLogOut.enterUserEmailPopUp(LogInPageAndLogOut.java:123)
at tests.TestLogInLogOut.logInWithPoPUpScreen(TestLogInLogOut.java:90)
at sun.reflect.NativeMethodAccessorImpl.invoke0(Native Method)
at sun.reflect.NativeMethodAccessorImpl.invoke(NativeMethodAccessorImpl.java:62)
at sun.reflect.DelegatingMethodAccessorImpl.invoke(DelegatingMethodAccessorImpl.java:43)
at java.lang.reflect.Method.invoke(Method.java:498)
at org.testng.internal.invokers.MethodInvocationHelper.invokeMethod(MethodInvocationHelper.java:135)
at org.testng.internal.invokers.TestInvoker.invokeMethod(TestInvoker.java:673)
at org.testng.internal.invokers.TestInvoker.invokeTestMethod(TestInvoker.java:220)
at org.testng.internal.invokers.MethodRunner.runInSequence(MethodRunner.java:50)
at org.testng.internal.invokers.TestInvoker$MethodInvocationAgent.invoke(TestInvoker.java:945)
at org.testng.internal.invokers.TestInvoker.invokeTestMethods(TestInvoker.java:193)
at org.testng.internal.invokers.TestMethodWorker.invokeTestMethods(TestMethodWorker.java:146)
at org.testng.internal.invokers.TestMethodWorker.run(TestMethodWorker.java:128)
at java.util.ArrayList.forEach(ArrayList.java:1259)
at org.testng.TestRunner.privateRun(TestRunner.java:808)
at org.testng.TestRunner.run(TestRunner.java:603)
at org.testng.SuiteRunner.runTest(SuiteRunner.java:429)
at org.testng.SuiteRunner.runSequentially(SuiteRunner.java:423)
at org.testng.SuiteRunner.privateRun(SuiteRunner.java:383)
at org.testng.SuiteRunner.run(SuiteRunner.java:326)
at org.testng.SuiteRunnerWorker.runSuite(SuiteRunnerWorker.java:52)
at org.testng.SuiteRunnerWorker.run(SuiteRunnerWorker.java:95)
at org.testng.TestNG.runSuitesSequentially(TestNG.java:1249)
at org.testng.TestNG.runSuitesLocally(TestNG.java:1169)
at org.testng.TestNG.runSuites(TestNG.java:1092)
at org.testng.TestNG.run(TestNG.java:1060)
at com.intellij.rt.testng.IDEARemoteTestNG.run(IDEARemoteTestNG.java:66)
at com.intellij.rt.testng.RemoteTestNGStarter.main(RemoteTestNGStarter.java:109)
Suppressed: org.openqa.selenium.json.JsonException: Attempting to close incomplete json stream
Build info: version: '4.1.1', revision: 'e8fcc2cecf'
System info: host: 'DESKTOP-9UN6AFD', ip: '192.168.100.4', os.name: 'Windows 10', os.arch: 'amd64', os.version: '10.0', java.version: '1.8.0_345'
Driver info: driver.version: RemoteWebDriver
at org.openqa.selenium.json.JsonOutput.close(JsonOutput.java:303)
at org.openqa.selenium.json.Json.toJson(Json.java:40)
... 38 more
Caused by: java.lang.reflect.InvocationTargetException
at sun.reflect.NativeMethodAccessorImpl.invoke0(Native Method)
at sun.reflect.NativeMethodAccessorImpl.invoke(NativeMethodAccessorImpl.java:62)
at sun.reflect.DelegatingMethodAccessorImpl.invoke(DelegatingMethodAccessorImpl.java:43)
at java.lang.reflect.Method.invoke(Method.java:498)
at org.openqa.selenium.json.JsonOutput.convertUsingMethod(JsonOutput.java:358)
... 59 more
Caused by: org.openqa.selenium.NoSuchElementException: no such element: Unable to locate element: {"method":"xpath","selector":"//*[@id="input-email"]"}
  (Session info: chrome=106.0.5249.119)
For documentation on this error, please visit: https://selenium.dev/exceptions/#no_such_element
Build info: version: '4.1.1', revision: 'e8fcc2cecf'
System info: host: 'DESKTOP-9UN6AFD', ip: '192.168.100.4', os.name: 'Windows 10', os.arch: 'amd64', os.version: '10.0', java.version: '1.8.0_345'
Driver info: org.openqa.selenium.chrome.ChromeDriver
Command: [d42d62e1ffeb19859cec8100e94498f4, findElement {using=xpath, value=//*[@id="input-email"]}]
Capabilities {acceptInsecureCerts: false, browserName: chrome, browserVersion: 106.0.5249.119, chrome: {chromedriverVersion: 105.0.5195.52 (412c95e51883..., userDataDir: C:\Users\DIGESTA\AppData\Lo...}, goog:chromeOptions: {debuggerAddress: localhost:10938}, javascriptEnabled: true, networkConnectionEnabled: false, pageLoadStrategy: normal, platform: WINDOWS, platformName: WINDOWS, proxy: Proxy(), se:cdp: ws://localhost:10938/devtoo..., se:cdpVersion: 106.0.5249.119, setWindowRect: true, strictFileInteractability: false, timeouts: {implicit: 0, pageLoad: 300000, script: 30000}, unhandledPromptBehavior: dismiss and notify, webauthn:extension:credBlob: true, webauthn:extension:largeBlob: true, webauthn:virtualAuthenticators: true}
Session ID: d42d62e1ffeb19859cec8100e94498f4
at sun.reflect.NativeConstructorAccessorImpl.newInstance0(Native Method)
at sun.reflect.NativeConstructorAccessorImpl.newInstance(NativeConstructorAccessorImpl.java:62)
at sun.reflect.DelegatingConstructorAccessorImpl.newInstance(DelegatingConstructorAccessorImpl.java:45)
at java.lang.reflect.Constructor.newInstance(Constructor.java:423)
at org.openqa.selenium.remote.codec.w3c.W3CHttpResponseCodec.createException(W3CHttpResponseCodec.java:200)
at org.openqa.selenium.remote.codec.w3c.W3CHttpResponseCodec.decode(W3CHttpResponseCodec.java:133)
at org.openqa.selenium.remote.codec.w3c.W3CHttpResponseCodec.decode(W3CHttpResponseCodec.java:53)
at org.openqa.selenium.remote.HttpCommandExecutor.execute(HttpCommandExecutor.java:184)
at org.openqa.selenium.remote.service.DriverCommandExecutor.invokeExecute(DriverCommandExecutor.java:167)
at org.openqa.selenium.remote.service.DriverCommandExecutor.execute(DriverCommandExecutor.java:142)
at org.openqa.selenium.remote.RemoteWebDriver.execute(RemoteWebDriver.java:543)
at org.openqa.selenium.remote.ElementLocation$ElementFinder$2.findElement(ElementLocation.java:162)
at org.openqa.selenium.remote.ElementLocation.findElement(ElementLocation.java:60)
at org.openqa.selenium.remote.RemoteWebDriver.findElement(RemoteWebDriver.java:367)
at org.openqa.selenium.remote.RemoteWebDriver.findElement(RemoteWebDriver.java:359)
at org.openqa.selenium.support.pagefactory.DefaultElementLocator.findElement(DefaultElementLocator.java:70)
at org.openqa.selenium.support.pagefactory.internal.LocatingElementHandler.invoke(LocatingElementHandler.java:39)
at com.sun.proxy.$Proxy16.getWrappedElement(Unknown Source)
at org.openqa.selenium.interactions.PointerInput$Origin.asArg(PointerInput.java:201)
at org.openqa.selenium.interactions.PointerInput$Move.encode(PointerInput.java:152)
at org.openqa.selenium.interactions.Sequence.encode(Sequence.java:73)
at org.openqa.selenium.interactions.Sequence.toJson(Sequence.java:82)
... 64 more
]]>
            </full-stacktrace>
          </exception> <!-- org.openqa.selenium.json.JsonException -->
          <reporter-output>
          </reporter-output>
        </test-method> <!-- logInWithPoPUpScreen -->
        <test-method status="PASS" signature="closeWebDriver()[pri:0, instance:tests.TestLogInLogOut@394e1a0f]" name="closeWebDriver" is-config="true" duration-ms="2428" started-at="2022-10-14T17:25:37 CEST" finished-at="2022-10-14T17:25:40 CEST">
          <reporter-output>
          </reporter-output>
        </test-method> <!-- closeWebDriver -->
      </class> <!-- tests.TestLogInLogOut -->
      <class name="tests.TestSearchBar">
        <test-method status="PASS" signature="config()[pri:0, instance:tests.TestSearchBar@27a5f880]" name="config" is-config="true" duration-ms="4585" started-at="2022-10-14T17:25:40 CEST" finished-at="2022-10-14T17:25:44 CEST">
          <reporter-output>
          </reporter-output>
        </test-method> <!-- config -->
        <test-method status="PASS" signature="testSearchBar(java.lang.String,int)[pri:0, instance:tests.TestSearchBar@27a5f880]" name="testSearchBar" duration-ms="3694" started-at="2022-10-14T17:25:44 CEST" data-provider="listOfBoardGamesForSearch" finished-at="2022-10-14T17:25:48 CEST">
          <params>
            <param index="0">
              <value>
                <![CDATA[Fallout]]>
              </value>
            </param>
            <param index="1">
              <value>
                <![CDATA[4]]>
              </value>
            </param>
          </params>
          <reporter-output>
          </reporter-output>
        </test-method> <!-- testSearchBar -->
        <test-method status="PASS" signature="closeWebDriver()[pri:0, instance:tests.TestSearchBar@27a5f880]" name="closeWebDriver" is-config="true" duration-ms="64" started-at="2022-10-14T17:25:48 CEST" finished-at="2022-10-14T17:25:48 CEST">
          <reporter-output>
          </reporter-output>
        </test-method> <!-- closeWebDriver -->
        <test-method status="PASS" signature="config()[pri:0, instance:tests.TestSearchBar@27a5f880]" name="config" is-config="true" duration-ms="3893" started-at="2022-10-14T17:25:48 CEST" finished-at="2022-10-14T17:25:52 CEST">
          <reporter-output>
          </reporter-output>
        </test-method> <!-- config -->
        <test-method status="PASS" signature="testSearchBar(java.lang.String,int)[pri:0, instance:tests.TestSearchBar@27a5f880]" name="testSearchBar" duration-ms="6036" started-at="2022-10-14T17:25:52 CEST" data-provider="listOfBoardGamesForSearch" finished-at="2022-10-14T17:25:58 CEST">
          <params>
            <param index="0">
              <value>
                <![CDATA[Dark Souls]]>
              </value>
            </param>
            <param index="1">
              <value>
                <![CDATA[2]]>
              </value>
            </param>
          </params>
          <reporter-output>
          </reporter-output>
        </test-method> <!-- testSearchBar -->
        <test-method status="PASS" signature="closeWebDriver()[pri:0, instance:tests.TestSearchBar@27a5f880]" name="closeWebDriver" is-config="true" duration-ms="2667" started-at="2022-10-14T17:25:58 CEST" finished-at="2022-10-14T17:26:01 CEST">
          <reporter-output>
          </reporter-output>
        </test-method> <!-- closeWebDriver -->
        <test-method status="PASS" signature="config()[pri:0, instance:tests.TestSearchBar@27a5f880]" name="config" is-config="true" duration-ms="4192" started-at="2022-10-14T17:26:01 CEST" finished-at="2022-10-14T17:26:05 CEST">
          <reporter-output>
          </reporter-output>
        </test-method> <!-- config -->
        <test-method status="PASS" signature="testSearchBar(java.lang.String,int)[pri:0, instance:tests.TestSearchBar@27a5f880]" name="testSearchBar" duration-ms="5468" started-at="2022-10-14T17:26:05 CEST" data-provider="listOfBoardGamesForSearch" finished-at="2022-10-14T17:26:10 CEST">
          <params>
            <param index="0">
              <value>
                <![CDATA[Waterdeep]]>
              </value>
            </param>
            <param index="1">
              <value>
                <![CDATA[6]]>
              </value>
            </param>
          </params>
          <reporter-output>
          </reporter-output>
        </test-method> <!-- testSearchBar -->
        <test-method status="PASS" signature="closeWebDriver()[pri:0, instance:tests.TestSearchBar@27a5f880]" name="closeWebDriver" is-config="true" duration-ms="47" started-at="2022-10-14T17:26:10 CEST" finished-at="2022-10-14T17:26:10 CEST">
          <reporter-output>
          </reporter-output>
        </test-method> <!-- closeWebDriver -->
        <test-method status="PASS" signature="config()[pri:0, instance:tests.TestSearchBar@27a5f880]" name="config" is-config="true" duration-ms="4749" started-at="2022-10-14T17:26:10 CEST" finished-at="2022-10-14T17:26:15 CEST">
          <reporter-output>
          </reporter-output>
        </test-method> <!-- config -->
        <test-method status="FAIL" signature="testSearchBar(java.lang.String,int)[pri:0, instance:tests.TestSearchBar@27a5f880]" name="testSearchBar" duration-ms="3472" started-at="2022-10-14T17:26:15 CEST" data-provider="listOfBoardGamesForSearch" finished-at="2022-10-14T17:26:19 CEST">
          <params>
            <param index="0">
              <value>
                <![CDATA[]]>
              </value>
            </param>
            <param index="1">
              <value>
                <![CDATA[12]]>
              </value>
            </param>
          </params>
          <exception class="java.lang.AssertionError">
            <message>
              <![CDATA[Numbers of displayed items should match expected [12] but found [24]]]>
            </message>
            <full-stacktrace>
              <![CDATA[java.lang.AssertionError: Numbers of displayed items should match expected [12] but found [24]
at org.testng.Assert.fail(Assert.java:110)
at org.testng.Assert.failNotEquals(Assert.java:1413)
at org.testng.Assert.assertEqualsImpl(Assert.java:149)
at org.testng.Assert.assertEquals(Assert.java:131)
at org.testng.Assert.assertEquals(Assert.java:1240)
at tests.TestSearchBar.testSearchBar(TestSearchBar.java:54)
at sun.reflect.NativeMethodAccessorImpl.invoke0(Native Method)
at sun.reflect.NativeMethodAccessorImpl.invoke(NativeMethodAccessorImpl.java:62)
at sun.reflect.DelegatingMethodAccessorImpl.invoke(DelegatingMethodAccessorImpl.java:43)
at java.lang.reflect.Method.invoke(Method.java:498)
at org.testng.internal.invokers.MethodInvocationHelper.invokeMethod(MethodInvocationHelper.java:135)
at org.testng.internal.invokers.TestInvoker.invokeMethod(TestInvoker.java:673)
at org.testng.internal.invokers.TestInvoker.invokeTestMethod(TestInvoker.java:220)
at org.testng.internal.invokers.MethodRunner.runInSequence(MethodRunner.java:50)
at org.testng.internal.invokers.TestInvoker$MethodInvocationAgent.invoke(TestInvoker.java:945)
at org.testng.internal.invokers.TestInvoker.invokeTestMethods(TestInvoker.java:193)
at org.testng.internal.invokers.TestMethodWorker.invokeTestMethods(TestMethodWorker.java:146)
at org.testng.internal.invokers.TestMethodWorker.run(TestMethodWorker.java:128)
at java.util.ArrayList.forEach(ArrayList.java:1259)
at org.testng.TestRunner.privateRun(TestRunner.java:808)
at org.testng.TestRunner.run(TestRunner.java:603)
at org.testng.SuiteRunner.runTest(SuiteRunner.java:429)
at org.testng.SuiteRunner.runSequentially(SuiteRunner.java:423)
at org.testng.SuiteRunner.privateRun(SuiteRunner.java:383)
at org.testng.SuiteRunner.run(SuiteRunner.java:326)
at org.testng.SuiteRunnerWorker.runSuite(SuiteRunnerWorker.java:52)
at org.testng.SuiteRunnerWorker.run(SuiteRunnerWorker.java:95)
at org.testng.TestNG.runSuitesSequentially(TestNG.java:1249)
at org.testng.TestNG.runSuitesLocally(TestNG.java:1169)
at org.testng.TestNG.runSuites(TestNG.java:1092)
at org.testng.TestNG.run(TestNG.java:1060)
at com.intellij.rt.testng.IDEARemoteTestNG.run(IDEARemoteTestNG.java:66)
at com.intellij.rt.testng.RemoteTestNGStarter.main(RemoteTestNGStarter.java:109)
]]>
            </full-stacktrace>
          </exception> <!-- java.lang.AssertionError -->
          <reporter-output>
          </reporter-output>
        </test-method> <!-- testSearchBar -->
        <test-method status="PASS" signature="closeWebDriver()[pri:0, instance:tests.TestSearchBar@27a5f880]" name="closeWebDriver" is-config="true" duration-ms="64" started-at="2022-10-14T17:26:19 CEST" finished-at="2022-10-14T17:26:19 CEST">
          <reporter-output>
          </reporter-output>
        </test-method> <!-- closeWebDriver -->
      </class> <!-- tests.TestSearchBar -->
      <class name="tests.TestConfluxHomePage">
        <test-method status="PASS" signature="config()[pri:0, instance:tests.TestConfluxHomePage@64729b1e]" name="config" is-config="true" duration-ms="5700" started-at="2022-10-14T17:22:57 CEST" finished-at="2022-10-14T17:23:03 CEST">
          <reporter-output>
          </reporter-output>
        </test-method> <!-- config -->
        <test-method status="PASS" signature="navigateToConfluxPage()[pri:0, instance:tests.TestConfluxHomePage@64729b1e]" name="navigateToConfluxPage" duration-ms="3973" started-at="2022-10-14T17:23:07 CEST" finished-at="2022-10-14T17:23:11 CEST">
          <reporter-output>
          </reporter-output>
        </test-method> <!-- navigateToConfluxPage -->
        <test-method status="PASS" signature="changePageLanguageToSerbian()[pri:0, instance:tests.TestConfluxHomePage@64729b1e]" name="changePageLanguageToSerbian" duration-ms="1668" started-at="2022-10-14T17:23:11 CEST" depends-on-methods="tests.TestConfluxHomePage.navigateToConfluxPage" finished-at="2022-10-14T17:23:13 CEST">
          <reporter-output>
          </reporter-output>
        </test-method> <!-- changePageLanguageToSerbian -->
        <test-method status="PASS" signature="revertToEnglish()[pri:0, instance:tests.TestConfluxHomePage@64729b1e]" name="revertToEnglish" duration-ms="1365" started-at="2022-10-14T17:23:13 CEST" depends-on-methods="tests.TestConfluxHomePage.changePageLanguageToSerbian" finished-at="2022-10-14T17:23:14 CEST">
          <reporter-output>
          </reporter-output>
        </test-method> <!-- revertToEnglish -->
        <test-method status="PASS" signature="testFacebookLink()[pri:0, instance:tests.TestConfluxHomePage@64729b1e]" name="testFacebookLink" duration-ms="97" started-at="2022-10-14T17:23:14 CEST" depends-on-methods="tests.TestConfluxHomePage.navigateToConfluxPage" finished-at="2022-10-14T17:23:14 CEST">
          <reporter-output>
          </reporter-output>
        </test-method> <!-- testFacebookLink -->
        <test-method status="PASS" signature="testInstagramLink()[pri:0, instance:tests.TestConfluxHomePage@64729b1e]" name="testInstagramLink" duration-ms="90" started-at="2022-10-14T17:23:14 CEST" depends-on-methods="tests.TestConfluxHomePage.navigateToConfluxPage" finished-at="2022-10-14T17:23:14 CEST">
          <reporter-output>
          </reporter-output>
        </test-method> <!-- testInstagramLink -->
        <test-method status="PASS" signature="closeWebDriver()[pri:0, instance:tests.TestConfluxHomePage@64729b1e]" name="closeWebDriver" is-config="true" duration-ms="712" started-at="2022-10-14T17:26:32 CEST" finished-at="2022-10-14T17:26:33 CEST">
          <reporter-output>
          </reporter-output>
        </test-method> <!-- closeWebDriver -->
      </class> <!-- tests.TestConfluxHomePage -->
    </test> <!-- AllClasses -->
  </suite> <!-- OneToRunThemAll -->
</testng-results>
